168
2 28 35
2 93 97
2 190 196
2 197 252
2 286 333
2 369 420
2 423 441
2 12 33
2 165 300
2 326 482
2 47 14
2 279 315
2 330 1
2 21 256
2 421 299
2 306 322
2 454 358
2 414 86
2 212 154
2 334 17
2 352 492
2 189 301
2 7 72
2 410 484
2 213 158
2 156 495
2 266 462
2 319 73
2 120 182
2 64 11
2 443 141
2 337 350
2 170 48
2 264 234
2 0 113
2 329 108
2 310 463
2 371 221
2 210 376
2 166 155
2 486 111
2 475 5
2 298 38
2 434 452
2 451 52
2 448 240
2 261 19
2 15 175
2 147 219
2 193 61
2 320 208
2 249 236
2 271 360
2 273 258
2 356 324
2 387 396
2 311 20
2 430 455
2 473 288
2 498 419
2 499 292
2 405 277
2 433 187
2 34 18
2 439 445
4 231 199 71 181
4 385 139 89 3
4 409 60 8 177
4 367 214 149 13
4 117 10 163 24
4 225 188 235 159
4 180 23 192 90
4 218 55 201 263
4 65 351 123 6
4 328 31 242 276
4 364 91 394 353
4 230 422 400 294
4 345 384 283 472
4 268 442 449 474
4 397 424 302 459
4 467 403 412 429
4 121 437 336 162
4 375 497 362 444
4 388 427 56 25
4 407 105 391 69
4 392 99 80 447
4 203 278 27 70
4 431 348 45 107
4 399 40 41 50
4 438 26 16 59
4 128 76 79 100
4 119 101 124 144
4 44 109 46 152
4 132 114 115 66
4 129 106 29 116
4 148 153 174 195
4 36 112 81 254
4 259 226 151 104
4 136 160 92 267
4 200 172 233 78
4 164 244 274 359
4 207 332 95 282
4 204 198 347 295
4 138 307 373 22
4 325 251 54 378
4 245 425 186 401
4 247 395 284 432
4 341 379 280 468
4 289 453 490 217
4 411 450 363 304
4 365 269 285 32
4 185 372 446 377
4 390 460 237 361
4 461 339 9 4
4 494 37 77 74
4 30 102 42 39
4 85 62 57 2
4 51 94 118 43
4 53 49 87 67
4 88 126 134 130
4 131 103 63 142
4 133 58 143 140
4 157 98 169 68
4 83 110 135 173
4 75 145 168 202
3 125 167 161
3 146 84 178
3 179 82 183
3 238 184 241
3 228 176 137
3 206 96 224
3 229 265 122
3 127 216 253
3 257 215 232
3 150 209 297
3 250 293 220
3 239 222 270
3 275 260 262
3 314 305 211
3 171 291 272
3 327 303 223
3 243 227 331
3 281 309 323
3 368 296 191
3 194 317 380
3 335 248 290
3 321 312 313
3 308 408 318
3 338 205 402
3 316 366 343
3 342 349 436
3 386 415 246
3 255 344 464
3 374 406 340
3 398 381 393
3 404 479 346
3 354 287 417
3 457 355 435
3 456 465 382
3 426 413 480
3 478 357 389
3 383 485 470
3 483 416 440
3 466 458 370
3 488 487 418
3 428 471 489
3 477 491 469
3 476 481 493
