1628
2 5121 5357
2 6404 8148
2 421 2589
2 5583 5913
2 6255 9906
2 3629 8785
2 6584 7710
2 1737 3987
2 5231 7529
2 2094 4386
2 5796 9487
2 6735 8197
2 1756 2584
2 998 8754
2 2395 6655
2 2861 6312
2 59 7923
2 7569 7704
2 5515 9612
2 6632 7444
2 7262 8873
2 2489 8452
2 5905 7796
2 398 8407
2 820 1729
2 604 6459
2 1248 9004
2 7064 7549
2 4848 5886
2 8603 8733
2 8189 8437
2 9354 9529
2 6839 9213
2 1524 4449
2 4318 4574
2 5744 9483
2 4100 6823
2 3904 4233
2 3626 7108
2 5416 8479
2 1287 9620
2 2545 6476
2 4004 9383
2 1396 3697
2 5427 9131
2 370 4041
2 973 2061
2 847 3015
2 2155 4644
2 4863 9247
2 6668 7792
2 3135 4631
2 1492 2222
2 2752 9618
2 5363 7168
2 2687 2843
2 44 5570
2 453 2117
2 1561 8284
2 461 7100
2 3505 8775
2 1423 9765
2 3295 4036
2 2932 8287
2 1385 6640
2 8004 8854
2 3273 5616
2 3715 8591
2 2096 2345
2 5918 6639
2 674 9813
2 1556 3420
2 5090 7936
2 666 2331
2 2935 4695
2 2598 5251
2 3825 6762
2 1677 9959
2 1081 1114
2 4147 6756
2 5001 5592
2 8384 8689
2 1388 8119
2 6196 7525
2 864 9818
2 683 5989
2 948 4106
2 3942 6613
2 5526 9888
2 8320 8911
2 4194 4473
2 5083 5211
2 3149 9128
2 5052 7369
2 936 8585
2 2459 2819
2 7515 8777
2 132 2968
2 4670 7819
2 2246 3484
2 962 7577
2 876 7863
2 8240 8814
2 2723 7939
2 752 7368
2 8837 9256
2 3457 8991
2 110 8392
2 3176 7208
2 7290 7950
2 371 2196
2 2728 7101
2 684 8636
2 281 2212
2 4808 8641
2 5791 9267
2 63 2499
2 5602 6240
2 714 9614
2 2475 3656
2 4090 7259
2 1101 2064
2 4916 9019
2 5651 9894
2 1013 3678
2 839 7834
2 1491 2548
2 3024 3765
2 5048 7945
2 6170 7198
2 4405 4961
2 1004 1071
2 1115 5945
2 4685 9965
2 1233 7937
2 2124 3302
2 3272 4579
2 3795 8152
2 5042 9986
2 384 2141
2 3647 6677
2 7104 9295
2 1734 2008
2 2070 7927
2 4702 5101
2 6782 7135
2 854 5773
2 1707 6495
2 2115 4430
2 336 8058
2 1164 1214
2 2080 4957
2 5046 7201
2 443 7540
2 2558 2922
2 4788 4917
2 5214 7409
2 1341 8639
2 7896 8063
2 3499 5653
2 49 7825
2 976 6702
2 7202 7961
2 1146 1830
2 4886 4964
2 6381 9307
2 3463 4509
2 6176 7313
2 818 9568
2 82 4983
2 3792 5295
2 6107 8612
2 3047 5772
2 7595 7757
2 3607 3940
2 4135 4874
2 2727 5982
2 2228 3096
2 2274 5713
2 8338 9305
2 2964 3896
2 636 6252
2 1353 3228
2 1210 3566
2 3309 4322
2 7136 8485
2 887 8608
2 5310 7305
2 1851 3293
2 4240 6168
2 71 7543
2 4406 4925
2 6550 7516
2 8322 9433
2 1203 1988
2 6935 8745
2 7551 9129
2 1671 9866
2 1955 4940
2 5625 7145
2 7 9795
2 1812 4185
2 8116 9527
2 3437 4141
2 47 5383
2 4131 5219
2 594 7579
2 1322 1450
2 2456 3114
2 7326 8465
2 8851 9552
2 2259 4167
2 4235 4637
2 9 7359
2 3042 3142
2 766 1094
2 1713 7231
2 1742 4655
2 5006 5652
2 1934 3686
2 7583 9539
2 532 9690
2 2686 5873
2 2962 4074
2 4561 5494
2 7715 9525
2 3844 4657
2 8803 9263
2 727 2481
2 3072 8553
2 723 1050
2 1895 4847
2 4112 7083
2 4475 6129
2 2759 6957
2 3357 4102
2 7447 8250
2 8387 9235
2 9532 9917
2 62 2982
2 4374 7088
2 2293 2736
2 7196 8736
2 1946 3519
2 954 8332
2 213 3196
2 7032 7308
2 7648 8375
2 859 4320
2 8010 9196
2 1591 9946
2 2045 5163
2 6547 9063
2 1418 1724
2 2726 4076
2 5777 6882
2 2060 2342
2 3337 4619
2 5904 6611
2 7725 8193
2 850 8767
2 1568 2652
2 3689 6178
2 992 9106
2 2340 4402
2 5172 9119
2 2544 3155
2 1433 8644
2 4490 4638
2 4912 4995
2 1621 9966
2 2642 3170
2 3672 6558
2 586 9747
2 2085 2749
2 3648 3775
2 120 201
2 3757 5729
2 8626 9344
2 3542 9576
2 3781 5686
2 6038 6534
2 6913 7451
2 7494 7851
2 2828 8601
2 3257 4139
2 6571 7643
2 774 8478
2 4550 5931
2 6567 7148
2 8138 8397
2 2628 3889
2 5156 7464
2 7545 7814
2 403 1763
2 2323 3593
2 8186 9542
2 328 676
2 2862 2870
2 4150 4244
2 6134 9302
2 2795 3112
2 3376 3475
2 4058 6537
2 18 7862
2 2300 2308
2 8997 9151
2 9275 9713
2 58 4959
2 6467 6927
2 7079 8187
2 8865 9559
2 1383 2036
2 2213 2814
2 4390 5081
2 4044 5366
2 7316 8233
2 8242 8267
2 3451 9900
2 3708 3840
2 3869 8115
2 4480 8259
2 1711 5609
2 6147 6171
2 7166 7445
2 7703 8506
2 446 9528
2 778 2123
2 3842 5845
2 7673 8616
2 1160 8849
2 2305 8079
2 9243 9320
2 11 9873
2 1049 1839
2 1936 2160
2 2267 3526
2 3583 5540
2 245 8094
2 654 1136
2 2243 2313
2 3126 4837
2 5096 8101
2 333 8430
2 1552 2023
2 6050 6123
2 6359 8167
2 1509 9605
2 3913 5359
2 7267 7944
2 2985 9514
2 3950 4284
2 5136 5324
2 7726 8509
2 687 9921
2 2944 4551
2 5854 7385
2 7953 8036
2 8286 9374
2 373 2282
2 2920 4902
2 6300 6580
2 6777 7008
2 706 1767
2 2535 3106
2 3745 4498
2 5209 6842
2 7522 8367
2 1231 9784
2 1845 3618
2 3632 3899
2 6481 7466
2 65 9289
2 1427 2674
2 2817 3253
2 7922 9340
2 2203 5665
2 6060 8348
2 177 9856
2 2718 4690
2 5600 6985
2 6989 7026
2 8701 9283
2 463 9722
2 7700 9732
2 593 9942
2 2994 3002
2 5622 7756
2 1359 8026
2 3083 4151
2 4965 5919
2 7920 8346
2 8563 9111
2 780 1096
2 1996 2572
2 2941 4516
2 6582 6638
2 7050 8047
2 8697 8721
2 1357 9691
2 1817 3229
2 6313 7212
2 8834 9649
2 2619 6329
2 8253 9252
2 745 1085
2 2364 9778
2 522 1336
2 1372 2571
2 3485 4137
2 4951 5962
2 7209 9366
2 103 717
2 2009 2802
2 3356 4582
2 6316 6363
2 8839 9443
2 251 9779
2 565 709
2 1861 2112
2 4351 4352
2 6477 6602
2 8477 9751
2 67 2647
2 3368 6426
2 2351 5891
2 5909 8811
2 2905 3443
2 6994 7119
2 8199 9123
2 9154 9365
2 6 257
2 645 1340
2 3089 4259
2 5793 7629
2 171 9124
2 214 1976
2 2536 5492
2 7671 7981
2 8614 8751
2 332 1202
2 1510 1787
2 2095 3379
2 4884 6415
2 7330 9325
2 1344 9585
2 1701 2162
2 3496 4134
2 4293 4357
2 4477 7489
2 7911 8947
2 9546 9629
2 60 9806
2 3062 3214
2 3308 5239
2 188 5593
2 1001 1820
2 2957 4557
2 4867 5544
2 6666 8163
2 8200 8501
2 8923 9363
2 750 9968
2 877 1717
2 5149 5330
2 6914 8529
2 8835 9511
2 9930 9974
2 1740 1975
2 4222 5236
2 5244 5518
2 5733 6956
2 7934 8003
2 1505 8779
2 4711 5332
2 5991 6297
2 6342 7057
2 321 7391
2 1351 1564
2 1800 2776
2 4727 4977
2 7613 8651
2 8658 9545
2 296 924
2 1364 1883
2 2575 3730
2 7677 9166
2 3750 4331
2 4696 6188
2 7415 7439
2 8040 8431
2 1249 1965
2 2245 3120
2 4572 5529
2 5758 5970
2 7153 7344
2 791 9962
2 1522 1747
2 7210 7647
2 8915 8990
2 9419 9426
2 2509 3579
2 4161 4415
2 4717 5028
3 5131 5808 7699
3 8168 8449 9550
3 1743 3473 5488
3 5683 5835 6738
3 7972 8056 8579
3 96 767 1061
3 1714 2043 2265
3 2573 3655 5074
3 5728 6042 6616
3 7824 8418 9271
3 55 9341 9397
3 301 902 1673
3 3087 6273 6419
3 6627 7250 8866
3 264 631 9569
3 1200 1523 2952
3 3830 3845 5720
3 6144 8470 8548
3 197 385 8607
3 773 797 1178
3 1636 1889 3223
3 3834 4870 6742
3 7524 8625 9566
3 1508 9626 9853
3 2089 2809 3167
3 3306 5155 5553
3 6226 6309 6410
3 8487 8702 9572
3 407 2055 9797
3 3137 3978 4367
3 4960 6336 6377
3 8132 8659 9048
3 1476 1810 3905
3 4600 5375 5864
3 6192 7155 7436
3 7567 7748 8183
3 730 1948 9250
3 2612 3557 3673
3 278 4649 5610
3 1228 1998 2486
3 3271 3791 3870
3 4079 4524 6384
3 875 8671 9718
3 4043 4200 4861
3 6058 6769 9689
3 283 2353 9952
3 3001 5308 6028
3 6198 6747 8707
3 8940 9265 9746
3 3 1429 9843
3 1912 3857 3944
3 5476 7253 9871
3 85 1483 2912
3 5170 6010 6662
3 7302 8172 9078
3 432 1140 2000
3 3367 3997 7412
3 7443 8204 8297
3 263 8677 9507
3 836 884 915
3 1040 1587 1853
3 3278 4179 4527
3 4532 4706 6578
3 7118 7880 8453
3 1720 2927 9755
3 3028 4469 4607
3 5203 5207 6012
3 6146 6483 6981
3 7095 7103 8442
3 513 995 8683
3 3022 3728 3885
3 5803 5849 6110
3 6320 7696 7978
3 464 8670 9695
3 634 1224 1378
3 1821 2585 3508
3 6757 7319 7617
3 1037 7618 8964
3 1253 2877 3518
3 4474 4565 4617
3 4883 6370 7296
3 7603 8722 8929
3 1073 1681 1708
3 3037 3561 3736
3 3877 4307 5174
3 5197 6444 6498
3 7861 8750 8932
3 1117 1526 9908
3 1542 1684 1923
3 2939 3248 3362
3 3375 4786 4871
3 5785 7759 8692
3 8895 9359 9464
3 137 559 1116
3 1152 1154 1484
3 2627 2937 4038
3 4439 5902 7536
3 520 8524 9599
3 1571 2488 3892
3 4361 7870 8328
3 3511 4292 4521
3 5278 5462 6296
3 6367 8874 8956
3 2592 2798 9880
3 3853 4975 5823
3 7678 7823 8466
3 916 8637 9197
3 1261 1833 3055
3 3107 3544 5341
3 5547 5839 6231
3 6656 7041 7178
3 17 9769 9849
3 56 172 174
3 970 1361 1712
3 2566 2600 4668
3 4946 5705 5941
3 6220 6577 6605
3 6965 7463 8527
3 9425 9907 9961
3 1726 2185 5378
3 5441 5998 6938
3 529 7255 9984
3 760 846 2368
3 5503 5548 6389
3 7130 7215 7238
3 10 145 3050
3 3769 4604 5250
3 6715 7363 8516
3 297 9014 9350
3 451 688 738
3 844 1234 1430
3 1570 1765 2106
3 3516 3746 3969
3 4663 4731 5151
3 5446 5563 6856
3 7740 8363 8931
3 208 525 9092
3 923 1122 1601
3 2716 3134 5271
3 5649 6583 6752
3 556 8714 9168
3 912 1197 1487
3 1827 2165 2766
3 5118 5325 5579
3 6205 6266 6364
3 6526 6540 7218
3 7624 7778 9597
3 139 9741 9895
3 164 926 1963
3 2407 3104 3540
3 4093 6133 7149
3 8239 9121 9161
3 117 2007 2221
3 2295 2649 3258
3 4491 4990 6396
3 7518 7558 8081
3 8673 8833 9182
3 1589 9214 9450
3 1648 2484 4230
3 5007 5013 5017
3 5948 8059 8161
3 211 2804 3674
3 4627 5574 5627
3 5899 6052 6451
3 7499 7839 8044
3 8650 8824 9246
3 480 9390 9594
3 628 2309 2879
3 3691 4126 5056
3 5875 6149 7152
3 7346 7692 8198
3 87 642 8293
3 1010 2127 2555
3 2848 6680 7204
3 7983 8617 9135
3 1015 1825 2590
3 2836 3029 3276
3 3932 6102 6623
3 6721 7318 8247
3 656 9490 9719
3 2125 2811 3608
3 3828 5879 6157
3 6215 6645 7151
3 7278 7752 8305
3 8609 8653 9588
3 178 289 597
3 900 1735 1847
3 1866 1876 2872
3 3973 4555 6036
3 6731 7954 8606
3 9414 9471 9580
3 28 206 9776
3 1620 1943 2516
3 3239 3480 3677
3 3692 4650 4859
3 5487 5513 6193
3 931 6256 9286
3 1159 1464 1856
3 2538 4671 5824
3 7375 8652 9852
3 590 1056 1311
3 1393 2226 4170
3 5815 6350 6685
3 6703 8134 8578
3 1632 9382 9499
3 1819 2697 3527
3 3808 3891 4522
3 4573 6531 9276
3 834 1129 1205
3 2999 3092 3132
3 4496 4792 5058
3 5061 5559 5981
3 6111 6152 7764
3 7888 8258 8434
3 124 151 307
3 1260 1877 1994
3 2732 4054 6206
3 6443 6741 6984
3 53 8468 8537
3 1718 1874 3895
3 4933 5094 6053
3 7105 7475 7875
3 8342 8684 9238
3 142 9407 9637
3 236 290 589
3 1562 1642 1888
3 2190 2705 3573
3 4725 4997 6228
3 7542 7734 8967
3 2091 9241 9799
3 2428 3980 4055
3 4611 4814 4857
3 6306 7413 7512
3 7777 9165 9675
3 1704 1884 9748
3 4442 4661 4865
3 5371 5418 7610
3 7884 9326 9714
3 253 2490 9730
3 3297 4091 4592
3 4636 4692 4774
3 5710 6628 6651
3 6676 6932 7219
3 7361 7993 8032
3 8035 8907 9530
3 9602 9761 9864
3 540 1445 2020
3 2241 2765 4703
3 4875 4989 5644
3 6155 6849 7286
3 7406 7659 9376
3 362 648 735
3 1282 1837 2854
4 3558 3912 3924 4066
3 4363 4381 4716
3 5044 5235 5517
3 1440 5794 6557
3 2254 2565 2887
3 3654 3802 3839
3 3945 4187 4506
3 4926 5035 6326
3 6827 7090 7526
3 7662 7841 8123
3 8176 9523 9896
3 898 1023 9976
3 1595 2400 2461
3 3531 3553 4656
3 4771 4904 5020
3 5671 6365 6733
3 7003 7074 7594
3 534 8423 9016
3 1598 2806 3498
3 3567 4064 4089
3 4410 5916 6366
3 6380 6794 6976
3 7382 7733 8241
3 358 9650 9922
3 1339 1406 1467
3 2006 2081 2457
3 3422 4559 4773
3 5389 5474 5530
3 6289 6673 7037
3 1332 1533 8333
3 1723 2320 4412
3 5205 5355 6436
3 7356 7374 7432
3 7683 8597 9220
3 147 9368 9453
3 210 404 960
3 1471 2375 2783
3 3760 3906 4879
3 5336 5898 6076
3 6800 6988 7914
3 8432 8861 9456
3 33 9848 9988
3 489 622 689
3 1422 1584 2907
3 4495 6361 6857
3 146 909 8019
3 1609 3323 3718
3 4375 4478 4720
3 5178 5457 5489
3 6490 6514 6778
3 7821 8376 8715
3 8889 8938 9468
3 2381 2389 9879
3 2462 3145 3704
3 4011 4639 4766
3 5086 5551 5633
3 6528 7419 7426
3 7534 7768 7785
3 7818 7943 8153
3 737 8648 9043
3 1021 2398 2401
3 2874 3244 3582
3 3617 4452 5856
3 5869 6784 7230
3 7249 7310 7530
3 8043 8150 8894
3 8898 9192 9361
3 9561 9684 9726
3 396 1529 2260
3 3595 3882 3914
3 6016 6340 7175
3 7592 8823 8845
3 150 9072 9703
3 1512 1922 1930
3 2129 3153 3299
3 3352 3559 3983
3 4026 4057 4953
3 5467 5776 5901
3 6208 6585 6870
3 7917 8299 8954
3 39 198 9631
3 635 835 1952
3 3371 3966 5085
3 5255 5380 5461
3 5865 5920 6202
3 7013 7990 8325
3 8425 8679 9122
3 9143 9222 9971
3 1090 1886 2191
3 3749 3985 4202
3 4467 4823 4907
3 5522 5832 6466
3 6834 7116 7454
3 7770 8712 8746
3 32 359 9429
3 512 804 947
3 3075 3188 3339
3 5531 5556 5724
3 6649 7010 7596
3 7956 7966 8238
3 8682 9062 9221
3 9549 9667 9802
3 711 1507 1822
3 2134 3129 3136
3 3564 4124 4704
3 5615 6724 7480
3 7689 9091 9183
3 9606 9734 9828
3 45 149 678
3 1347 1761 2277
3 2924 3011 3428
3 3811 4016 4640
3 4887 5896 5908
4 6184 6421 6700 7220
3 7221 7809 8519
3 170 300 9868
3 1100 1256 2148
3 2167 2343 2707
3 3322 4208 5756
3 6243 6574 6705
3 6873 7186 7731
3 7876 7970 8276
3 0 313 9173
3 849 1382 2024
3 3641 3694 3991
3 4465 4514 5047
3 5451 5566 5584
3 6160 6264 6446
3 6811 7964 8196
3 8263 8632 9096
3 471 611 2198
3 2278 2467 3020
3 3121 3724 5164
3 5939 6203 6248
3 6637 8264 8562
3 1047 9459 9573
3 1908 2495 2672
3 4335 4708 4949
3 5166 5277 5954
3 6553 6659 6681
3 6903 7984 8027
3 8517 8752 8908
3 1044 9752 9978
3 1157 1174 1199
3 2983 4659 5657
3 6015 6522 6596
3 6726 6942 7386
3 7424 7975 8133
3 9299 9583 9891
4 1179 1181 9987 9996
3 1569 2367 2875
3 3681 3818 4215
3 4340 4992 5040
3 5240 5860 5947
3 6648 7425 8711
3 8801 9068 9210
3 433 541 9328
3 708 1106 1411
3 1593 2337 3127
3 3203 3226 3412
3 4511 5362 5449
3 5721 6017 6112
3 7384 7727 9038
3 562 2062 9633
3 3517 4790 5173
3 5763 5836 6022
3 6719 7509 7521
3 8143 8222 9836
3 514 825 1381
3 1616 1668 1840
3 2506 2702 3031
3 3563 3894 4286
3 4419 4456 5536
3 5813 6246 6478
3 7500 8160 8210
3 204 355 9721
3 2025 2296 2601
3 4052 4206 5157
3 5496 6351 7555
3 8202 8413 8667
3 8696 8828 8863
3 608 8864 9486
3 889 968 1400
3 1751 1768 2120
3 3105 4359 4958
3 5730 6492 6713
3 7877 8139 8336
3 70 465 8810
4 1012 1409 1535 2159
3 2329 2437 2954
3 3330 3596 4092
3 4188 4742 5198
3 5872 6051 6275
3 6280 6864 7751
3 8006 8031 8876
3 8977 9920 9935
3 234 240 9995
4 530 919 955 1321
3 1843 2033 2578
3 3004 3235 3657
4 3809 3972 4228 4801
3 4858 4943 5368
3 6263 6960 7633
3 8919 9198 9269
3 131 270 9418
3 430 431 456
4 1062 1640 2746 3311
3 3926 4000 5082
3 5606 5751 6576
3 7397 7614 7729
3 7924 8089 8215
3 8454 9028 9187
3 9519 9600 9716
3 97 372 9768
3 500 620 978
3 1330 1750 1939
3 2193 2604 2661
3 2762 2786 2949
3 3939 4046 5208
3 6008 6097 6698
3 6964 7995 8137
4 9201 9332 9446 9699
3 136 439 9767
3 673 1036 1259
3 1744 1980 2072
3 2632 2977 3956
3 4301 4534 4796
3 5191 5986 6003
3 6161 6761 6890
3 7170 7663 8401
3 8447 9086 9431
3 9538 9584 9656
3 885 1475 1519
3 1796 2102 2514
3 2694 2713 2772
3 3212 3590 4221
3 4798 4942 5245
3 5482 6565 6824
3 6835 6844 7407
3 7457 7991 8180
3 8822 9398 9944
3 24 183 956
3 1318 1649 1961
3 2074 2399 2595
3 3280 3370 4104
3 6137 6352 8252
3 8326 8383 8435
3 37 8568 9413
3 86 1279 1694
3 2207 3060 3344
3 3793 4238 4387
3 4502 4635 4777
3 5666 5732 5752
3 6121 6197 6450
3 6463 6809 6887
3 7674 7800 7881
3 7895 8037 8859
3 9075 9083 9855
3 457 1546 1983
3 2297 2881 2891
3 2953 3822 4783
3 4839 5994 6302
3 7461 7471 7554
3 458 7586 9036
3 487 602 756
3 1538 1755 3364
3 3543 4248 4358
3 4400 4595 5168
3 5897 6959 6963
3 6972 7320 7357
3 7362 7410 7724
3 7812 8314 8815
3 335 8900 9009
3 2144 2149 2210
3 2596 2608 2903
3 3052 3141 3951
3 4116 4399 4434
3 4596 5024 6311
3 6471 6915 7094
3 7206 7387 8093
3 8353 8766 8930
3 9035 9047 9094
3 221 392 9137
3 462 801 1371
4 1536 2028 2610 2741
4 2785 2956 3021 3347
3 3875 4339 4504
3 6332 6353 6506
3 8486 9114 9215
3 9564 9578 9838
3 40 1161 1678
3 1688 2837 2859
3 2892 3651 3789
3 4069 4994 5066
3 5628 6127 6448
3 6818 6925 7078
4 7602 7850 7889 9659
4 31 168 725 802
4 1453 2059 2412 2469
4 3887 4736 4877 4982
4 5181 5233 6148 6175
4 6232 8663 9709 9820
4 502 739 840 842
4 1009 1426 1778 2307
4 2683 2685 4097 4291
4 4688 5106 5125 6229
4 6328 6944 7557 7632
4 7694 7859 7959 8028
4 8438 8543 8737 9394
4 78 152 9651 9993
4 325 343 393 402
4 511 615 639 644
4 1220 1959 2101 2169
4 3012 3318 3841 4488
4 4549 5128 5817 6699
4 6725 7960 8022 8426
4 8576 9015 9223 9540
4 229 613 9595 9678
4 1043 1869 2950 4567
4 4689 4787 5558 5631
4 5719 5959 6473 7395
4 34 7742 8804 9489
4 68 793 848 2388
4 4031 4099 5190 5422
4 5676 5882 6034 7423
4 7803 7971 8256 8643
4 726 953 8950 9227
4 1080 1165 1377 1807
4 1979 2242 2472 3123
4 3555 3679 3743 3903
4 4826 4855 4880 6315
4 6746 6952 7314 7532
4 7631 7697 7994 8097
4 13 20 8903 9957
4 252 305 413 467
4 579 640 1167 1270
4 1892 3515 3698 4723
4 4969 5443 5731 5850
4 5881 6005 6225 6452
4 7132 7430 7581 9887
4 76 153 477 9892
4 860 1502 1590 2002
4 2137 2164 2215 2304
4 2669 3396 3509 4047
4 4298 4811 5212 5951
4 6357 6922 7176 7666
4 8398 8571 8629 9274
4 57 346 740 9475
4 2929 3621 3665 4078
4 4173 4267 4451 4750
4 5863 5950 6046 6095
4 6189 6291 6479 6563
4 6674 7496 7826 9280
4 193 293 395 414
4 649 1369 1549 1586
4 1953 2019 2232 2358
4 2432 2527 2629 2898
4 3233 3246 3581 4155
4 4245 4246 4279 4554
4 4679 4922 5146 5161
4 5829 7036 7713 7906
4 7951 8212 9337 9524
4 83 937 949 1276
4 1416 2799 3146 3449
4 3761 3902 4249 4662
4 5026 5346 6104 6210
4 6544 6740 7024 7252
4 7565 7804 8206 8456
4 8821 8986 9065 9830
4 554 568 868 1084
4 1194 1286 1504 1650
4 2531 2533 2634 2751
4 2824 3161 3261 3482
4 3504 3838 4030 4311
4 4314 4747 5895 6244
4 7194 9157 9234 9313
4 16 23 444 9526
4 1516 1793 2529 2668
4 3263 3431 3748 3773
4 3806 4537 4653 4856
4 5200 5387 5714 6270
4 6630 7197 7236 7653
4 7743 7813 8229 8498
4 8675 9105 9294 9543
4 982 1031 1032 1118
4 1250 1514 1527 1532
4 2047 2303 3174 3332
4 3911 3930 4176 4328
4 4398 4501 4767 5401
4 5672 6258 6294 6664
4 7018 7490 7963 8277
4 8440 8965 9333 9458
4 9488 9496 9635 9692
4 675 1201 1296 9810
4 1452 1891 1986 2442
4 3316 4001 4578 4623
4 4841 4892 4914 5237
4 6245 6612 6828 6920
4 7150 7559 8201 8355
4 8642 8952 9551 9680
4 499 1027 1606 9958
4 1618 2143 2264 2422
4 2671 2712 3125 3513
4 3824 3880 4713 4935
4 5059 5175 5199 5373
4 5834 5980 6430 6494
4 6510 6569 6693 6744
4 6822 6852 6962 8179
4 8289 8654 8727 8729
4 9085 9251 9260 9711
4 225 365 459 858
4 3099 3407 3747 4144
4 4164 4447 4605 4775
4 4898 5043 5641 5769
4 6093 7622 7761 8067
4 8177 8918 9002 9022
4 30 115 9149 9858
4 2328 3147 3570 4095
4 4407 5097 5400 6604
4 7237 7418 7828 7957
4 8235 8593 8808 8897
4 123 8981 9272 9655
4 185 1058 1806 1898
4 1951 2335 2402 3274
4 3547 4562 6118 6130
4 6600 6846 7600 7849
4 8382 8567 9181 9611
4 94 576 9624 9985
4 1110 1132 1669 1865
4 1978 2235 2570 2946
4 3355 4156 4482 4558
4 5098 5471 5831 6002
4 6126 6323 6398 6590
4 6727 6766 6851 7048
4 7190 7721 8108 8472
4 1639 8756 8978 9073
4 2046 2205 2220 2240
4 2466 4197 4325 4546
4 4694 4840 5077 5442
4 6078 6090 6472 6669
4 6899 6993 7085 7127
4 7247 7273 7315 7616
4 7665 7868 7899 8340
4 8388 8393 8753 8806
4 473 896 9771 9927
4 1288 1754 1835 2333
4 2582 2591 3078 3587
4 3615 3883 4489 4804
4 5019 5041 5505 5812
4 5944 6223 6304 6524
4 6711 7329 7634 7693
4 7805 8129 8372 8572
4 8734 9338 9613 9745
4 160 516 899 9859
4 1266 1271 1774 1848
4 2105 2216 2294 2911
4 3506 4564 5323 6774
4 22 101 7460 8640
4 143 419 1137 1192
4 1212 1313 1849 2234
4 2549 2730 3265 3324
4 3664 3878 3884 4172
4 5140 5189 5460 5613
4 5621 5702 5800 6356
4 6560 6671 6697 6739
4 6990 7275 7815 8573
4 9003 9013 9603 9877
4 1086 1653 2136 9948
4 2199 2237 2754 3038
4 3281 3439 3933 4308
4 4312 4746 5276 6803
4 7121 7123 7491 8021
4 417 8994 8996 9134
4 558 753 906 1699
4 2390 2453 2781 2793
4 3097 3402 3578 3849
4 4217 4255 5134 5171
4 5268 5397 6063 6064
4 6581 7686 7931 8773
4 9029 9261 9679 9744
4 381 550 796 1127
4 1170 1461 1480 1488
4 1656 2016 2268 2289
4 2417 2852 3782 3873
4 4136 4196 4394 4599
4 4818 4918 5234 5426
4 5523 5598 5903 6023
4 6035 6414 6595 6636
4 6831 7510 8084 8411
4 8716 9008 9194 9230
4 159 219 472 9844
4 828 1093 1172 1624
4 1783 2406 2444 2621
4 2775 2951 3131 3381
4 3491 3817 3888 4613
4 4630 4678 5246 5253
4 6096 6132 6261 6520
4 7117 7233 7400 7786
4 8049 8166 8316 8464
4 8759 8789 8793 9759
4 133 217 279 9901
4 845 893 1404 1627
4 1665 1814 1867 1985
4 2068 2334 2731 3262
4 3300 3334 3442 3783
4 3965 4094 4910 5736
4 5770 6227 6373 6432
4 6517 6529 6953 7309
4 7684 7788 7903 8539
4 218 8618 8633 8987
4 610 1208 1221 1781
4 1801 1836 2065 2281
4 2554 2711 2750 2987
4 3312 3401 3584 3721
4 3744 4088 4193 4479
4 4487 4932 5313 5391
4 5398 5577 5586 5917
4 5966 5972 6180 7501
4 7925 7969 8165 9502
4 401 9534 9535 9575
4 651 669 990 1184
4 1646 1899 1904 2722
4 3445 3539 3862 3927
4 4894 5064 5104 5132
4 5370 6417 6586 6812
4 7110 7371 7388 7675
4 7898 7980 8665 9200
4 89 545 934 9660
4 1292 1638 1716 2184
4 2326 2376 2464 2947
4 3076 3085 3124 3216
4 3411 3929 3947 4428
4 4529 4538 4544 4981
4 5481 5594 5599 7065
4 7289 7502 7672 7695
4 8638 8694 9754 9770
4 144 9846 9882 9941
4 163 249 292 757
4 771 827 977 1130
4 1299 1683 1928 1935
4 2087 2173 2560 3017
4 3424 3521 3807 4628
4 4669 5345 5511 6259
4 6405 6770 7043 7664
4 7902 7907 8015 8268
4 8525 8584 8842 8934
4 207 9156 9209 9356
4 304 894 930 1120
4 1138 1469 1870 2022
4 2050 2057 2463 2480
4 2567 2835 2990 3115
4 3580 4163 4833 5122
4 6068 6307 6409 6497
4 6805 6958 6973 7096
4 7177 7608 7744 8732
4 157 9089 9140 9670
4 199 241 288 316
4 618 691 1209 1331
4 2011 3313 3610 3941
4 4149 4553 4646 4842
4 4882 5429 5804 6331
4 7014 7134 7223 7274
4 7553 7962 8273 8709
4 8776 8853 9785 9860
4 287 356 643 728
4 865 2179 2227 2564
4 3178 3186 3353 3541
4 3893 4337 4392 4948
4 5192 5514 5725 6301
4 6425 6541 6897 7163
4 7216 7544 7640 7642
4 7878 8068 8298 8409
4 8502 8886 9152 9179
4 108 616 9225 9491
4 819 862 1227 1277
4 1574 1652 1841 1958
4 1971 2288 2418 2805
4 3006 3753 4226 4355
4 4468 4714 4789 5060
4 5182 5206 5254 5329
4 5550 5578 5663 5718
4 6213 6387 6513 6904
4 7019 7229 7298 7546
4 7795 8534 8645 8870
4 9100 9367 9406 9647
4 186 425 9710 9863
4 733 784 867 1495
4 1809 2163 2239 2563
4 2841 3425 3438 3536
4 3798 4143 4508 4598
4 4634 5424 5534 5612
4 5658 5741 5825 5848
4 5952 6087 6629 6796
4 6814 7087 7948 8141
4 8310 8740 8941 9172
4 9232 9329 9553 9617
4 226 347 9870 9885
4 348 378 769 800
4 1376 1479 1563 1615
4 1661 1700 2201 2318
4 2344 2435 2577 2689
4 3208 3209 3712 3812
4 4693 4791 5510 5573
4 5611 5771 5958 6484
4 6620 7091 7349 7556
4 8564 9158 9423 9570
4 128 189 9582 9590
4 383 719 789 1099
4 1403 1685 2152 3917
4 4290 4403 4518 4726
4 4906 4986 6125 6253
4 6748 7333 7365 7434
4 7441 7799 8103 8309
4 8321 8771 9314 9346
4 349 9555 9862 9876
4 415 441 633 958
4 1131 1196 1235 1494
4 1788 1909 1949 2012
4 2451 2470 2586 3213
4 4211 4709 4939 5183
4 5294 5316 5409 6692
4 6701 6917 7060 7140
4 7459 7541 7580 7758
4 7835 7946 8064 8086
4 8347 8493 9205 9819
4 203 291 361 9954
4 703 831 863 1119
4 1180 1188 1230 1284
4 1679 1799 1868 1993
4 2356 2382 2550 2878
4 3327 3784 3859 3860
4 3949 4996 5148 5343
4 5379 6279 6456 6457
4 8080 8282 8379 8686
4 4 8960 9323 9737
4 280 388 405 509
4 693 782 935 1105
4 1323 1335 1611 1732
4 1818 2035 2384 2483
4 2498 3247 3821 4621
4 5410 5694 5779 6843
4 7479 7507 7669 7807
4 7965 8406 8412 8726
4 200 8875 9372 9999
4 227 258 268 922
4 1046 1074 1111 1133
4 1135 2324 2378 2579
4 2789 3394 3787 4254
4 4330 4344 4632 4633
4 4664 4675 4734 4950
4 5051 5699 5833 6085
4 6233 6407 7251 7307
4 7753 8410 8784 8955
4 8970 8985 9102 9663
4 318 376 662 9807
4 811 983 1029 1553
4 1987 2086 2311 2373
4 2386 2405 2541 2942
4 3292 3386 3389 3639
4 3922 4107 4461 4979
4 5356 5844 5977 6500
4 6635 6983 7667 7791
4 8461 8523 8791 9604
4 9636 9701 9724 9742
4 173 342 491 741
4 794 2030 2410 2508
4 2676 2715 3199 3385
4 3827 4371 4425 5005
4 5177 5327 6158 6371
4 6434 7092 7322 7399
4 8164 8374 8491 8602
4 8731 9148 9162 9186
4 9533 9557 9632 9644
4 409 621 872 9717
4 1534 1918 1992 2825
4 2883 3008 3756 3819
4 3866 4220 4273 4369
4 4810 5187 5266 5413
4 5885 6242 6254 6420
4 6647 7340 7627 7706
4 7820 7992 8136 8725
4 69 8872 9342 9773
4 148 195 821 917
4 984 1045 1063 1206
4 1329 1415 1439 1554
4 1705 1897 1969 2747
4 2934 3225 3267 3794
4 3799 3935 4323 4435
4 4651 4978 5073 5210
4 5399 5643 5957 6678
4 7069 7228 7636 7712
4 7832 8857 9282 9609
4 312 435 437 9977
4 483 508 605 652
4 901 1610 1731 2166
4 2172 2427 2503 2803
4 2873 2884 3058 3144
4 3227 3466 3474 3620
4 4032 4103 4214 4237
4 4260 4356 4535 4807
4 5045 5167 5265 5361
4 5470 5840 5853 5883
4 5979 6174 6234 6480
4 6499 7033 7093 7165
4 7243 7264 7276 7393
4 7408 7547 7736 7938
4 8613 8728 8758 8879
4 9159 9327 9362 9963
4 179 194 987 1305
4 1654 2330 2425 2500
4 2996 3636 4224 4372
4 4758 4822 4860 5340
4 5350 5508 5745 6077
4 6654 6675 6841 6901
4 7097 7172 7416 7588
4 7793 7915 8142 8395
4 8507 8535 8570 8770
4 8778 8780 9011 9070
4 111 9775 9787 9822
4 118 184 192 209
4 303 596 1142 2170
4 2206 2556 2769 3082
4 3476 3530 3879 3984
4 4577 4732 4890 4891
4 4972 6187 6853 7059
4 7427 7639 7789 8117
4 8144 8311 8786 8877
4 478 9380 9415 9749
4 482 729 1614 1728
4 1831 2520 3044 3189
4 3777 4175 4285 4376
4 5067 5107 5279 5557
4 6128 6141 7086 7098
4 7561 7578 7856 7883
4 7942 8038 8114 8224
4 8361 8405 8417 8961
4 8975 9218 9264 9421
4 121 230 9571 9931
4 274 908 1485 1517
4 1695 1972 2485 2512
4 2771 2808 2812 2974
4 3493 3716 3717 3727
4 4523 4724 4952 5696
4 5747 5906 5983 5993
4 6156 6308 6411 6614
4 6902 7075 7590 7741
4 8061 8135 8244 8272
4 156 781 9436 9556
4 1350 1496 1625 2039
4 2098 3685 4232 4470
4 4699 4899 5483 5504
4 6177 6559 6682 6720
4 6833 6937 7045 7077
4 7187 7483 7606 7847
4 8002 8009 8075 8462
4 61 8530 9031 9793
4 256 311 424 507
4 574 833 1177 1226
4 1283 1749 1937 2110
4 2271 2272 2532 2602
4 2827 3635 4063 4098
4 4333 4845 5213 5304
4 5533 5617 5727 5870
4 6265 6428 6429 6545
4 6607 7017 7730 7864
4 8011 8045 8110 8220
4 8500 8542 8561 8698
4 8797 8880 9126 9736
4 81 428 682 795
4 866 1006 1171 1326
4 1501 1513 1634 1696
4 1753 1804 1917 1984
4 2231 2298 2447 2657
4 3023 3053 3059 3108
4 3307 3690 4297 4427
4 4440 4588 4876 4913
4 4966 4980 5023 5158
4 5260 5262 5377 5382
4 5783 5938 6026 6971
4 7068 7248 7337 7404
4 7533 7550 8159 8494
4 8556 8635 8868 9301
4 9357 9457 9498 9686
4 406 538 803 903
4 959 1166 1622 1703
4 1789 2252 3268 3469
4 3993 4262 4305 5008
4 5480 5754 5907 6075
4 6293 6539 6551 6998
4 7022 7030 7138 7139
4 7292 7367 7682 7711
4 7830 7833 7929 8190
4 8441 8473 8850 8924
4 9007 9296 9521 9910
4 182 1275 1307 9932
4 1762 1932 2310 2357
4 2393 2583 2673 2900
4 3205 3266 3361 3534
4 3846 4591 4770 5472
4 5585 5632 5910 6021
4 6098 6237 6257 6412
4 6617 7067 7453 7514
4 7584 8555 8592 8968
4 603 658 668 9823
4 1149 1191 1824 2138
4 2645 3154 3286 3416
4 3705 3854 3963 4019
4 4048 4060 4283 4453
4 4793 4830 4843 4851
4 4893 4923 5010 5281
4 5693 5900 5926 6393
4 6519 6533 6799 6848
4 6859 7102 7129 7281
4 7523 7688 9042 9044
4 25 9548 9577 9698
4 224 275 341 452
4 698 921 1190 1612
4 1770 1878 2026 2385
4 2546 2664 2899 2928
4 2961 3169 3382 3591
4 3611 3803 3810 3994
4 4236 4571 4911 5100
4 5430 5640 6040 6222
4 6454 6643 6961 7000
4 7071 7574 7658 7985
4 8001 8085 8541 9189
4 9297 9311 9411 9861
4 27 54 238 9914
4 319 468 526 582
4 659 746 886 972
4 1302 1775 2153 2280
4 2656 2662 2709 3454
4 3523 3619 3696 3719
4 3990 4009 4691 5538
4 5809 5828 5838 6031
4 6119 6185 6195 6290
4 6334 6509 6592 6862
4 6923 7782 7852 7890
4 8000 8231 8334 8554
4 9059 9101 9146 9204
4 9229 9270 9554 9972
4 180 412 999 1134
4 1316 1667 1777 1873
4 2038 2525 2980 3156
4 3413 3754 4209 4525
4 4821 5386 5549 5635
4 6199 6283 6391 6491
4 6516 6772 6850 7011
4 7261 7488 7504 8034
4 8109 8118 9024 9720
4 379 422 9825 9933
4 573 1087 1237 1308
4 1725 1880 2010 2154
4 2758 3383 3645 3843
4 4034 4132 4174 4252
4 4520 4556 4581 4705
4 4987 5014 5227 5257
4 5697 5778 5859 5949
4 6163 6792 7222 8098
4 8318 8344 8508 8546
4 8757 9150 9336 9400
4 154 360 533 583
4 911 986 1290 1374
4 1401 1664 1915 1964
4 2431 2706 2733 2858
4 3201 3340 3546 3628
4 3643 3788 4062 4438
4 4976 5029 5049 5108
4 5153 5342 5406 5466
4 5527 5539 5619 5820
4 6631 7005 7042 7183
