---+-++-3case #1: 3
+++++4case #2: 0
-+-+-4case #3: IMPOSSIBLE
+++3case #4: 0
-+++-3case #5: IMPOSSIBLE
++--+-+--3case #6: 3
++++3case #7: 0
-++-2case #8: 3
---2case #9: IMPOSSIBLE
-+-+3case #10: IMPOSSIBLE
+-+-3case #11: IMPOSSIBLE
+-+3case #12: IMPOSSIBLE
--+-3case #13: IMPOSSIBLE
++-3case #14: IMPOSSIBLE
----------10case #15: 1
+-++++-++5case #16: 2
---3case #17: 1
--2case #18: 1
+-++3case #19: IMPOSSIBLE
---+3case #20: 1
++-+2case #21: 1
---------3case #22: 3
+++2case #23: 0
++++++++++10case #24: 0
++-+3case #25: IMPOSSIBLE
-------+--10case #26: IMPOSSIBLE
-+++2case #27: 2
-+-+-+-+-+2case #28: 5
-+--2case #29: 3
----2case #30: 2
-+-2case #31: 2
+-+2case #32: 1
--++3case #33: IMPOSSIBLE
------6case #34: 1
+-2case #35: IMPOSSIBLE
+--+++--++5case #36: 2
+++----4case #37: 1
-+-++2case #38: 2
++--3case #39: IMPOSSIBLE
+--+--++5case #40: IMPOSSIBLE
+-+-+-+-+-2case #41: 5
-++++++++-2case #42: 3
-+++++++++2case #43: 2
+-+-2case #44: 2
+--2case #45: 1
++----++--2case #46: 3
--+2case #47: 1
++++2case #48: 0
---++-+---4case #49: 3
-+++++++--2case #50: 3
+++-3case #51: IMPOSSIBLE
+-+-+-+-+-3case #52: 3
-++++-5case #53: 2
-+--3case #54: IMPOSSIBLE
-----+5case #55: 1
-+-+2case #56: 2
-++3case #57: IMPOSSIBLE
---+2case #58: 2
+---2case #59: 2
++2case #60: 0
---++3case #61: 1
-+++++++-+2case #62: 3
-++++++++-9case #63: 2
--+-2case #64: IMPOSSIBLE
----------2case #65: 5
+-+-+-+3case #66: 2
+--+2case #67: 1
-++++++++-8case #68: IMPOSSIBLE
--++2case #69: 1
-+-3case #70: IMPOSSIBLE
+-++++-+-5case #71: IMPOSSIBLE
++-++5case #72: IMPOSSIBLE
++++++++-6case #73: IMPOSSIBLE
-++++++++-10case #74: IMPOSSIBLE
+---------9case #75: 1
+---3case #76: 1
++--+--3case #77: 2
-+++--+4case #78: IMPOSSIBLE
------++6case #79: 1
+++-2case #80: IMPOSSIBLE
+-++2case #81: 1
++--2case #82: 1
+--+3case #83: 1
--+3case #84: IMPOSSIBLE
+--3case #85: IMPOSSIBLE
++-2case #86: IMPOSSIBLE
----------3case #87: 4
++--------8case #88: 1
++-++--+--2case #89: 3
-+++3case #90: 2
-++-3case #91: 2
+++++++++8case #92: 0
--------+8case #93: 1
----------5case #94: 2
-------4case #95: IMPOSSIBLE
+-+-+-+-3case #96: 3
-+2case #97: IMPOSSIBLE
-++2case #98: 2
----3case #99: IMPOSSIBLE
+-+-+-+-+3case #100: 3
