240
8543 12
418 8552 26499 76542 22740 24849 40890 8755 13968 48140 8409 71101
5805 13
750 60441 10948 44922 26733 42579 11382 89107 38167 17515 42416 17082 70432
9711 14
1819 93192 60424 89359 75399 79796 52329 15518 88659 89534 34543 26597 26566 93838
1900 18
2202 63098 78736 84127 92978 79683 95164 85919 39581 74098 44343 71537 23406 16673 50534 37072 5857 8321
7309 18
3127 4824 96155 75669 81415 23223 96211 55667 9204 97897 21771 52877 96743 41459 92775 8224 78598 42356
1557 17
3194 79620 23157 2858 11168 5566 64895 5543 85028 49134 8127 13668 60485 657 24504 69284 23294
5537 19
5845 19500 11241 12098 6531 87772 70136 19373 72118 25989 17652 49850 74379 8392 31487 61039 41961 96971 66420
7926 15
10129 8243 80345 24277 69405 96734 23307 91739 82307 30372 21307 98060 10932 37555 72866
3678 17
10529 79816 7032 74726 76329 59509 21110 78677 47403 62688 61464 29646 85429 82683 89351 63738 53732
4472 12
11639 22 68847 35070 77229 24982 44076 74212 96709 91501 6311 13360
8490 14
12447 70466 48919 72199 50163 75442 52199 6067 82276 6575 74268 5462 1738 11887
7711 18
14211 23499 2582 76476 62225 73402 13334 42616 33607 54489 12925 78926 2704 87612 28181 93263 84883 77494
8860 15
14415 20279 84585 33211 7541 22107 41353 88729 46033 65666 78009 86828 8608 17304 20185
9927 12
15046 62049 62499 74206 79480 25242 30544 6861 6495 87095 75180 79254
9595 13
15904 89739 56023 13965 45492 46800 64290 9291 37670 56297 52965 3766 94237
7511 13
16503 31358 7833 33910 61640 75046 76480 59683 60278 56141 8434 86698 77109
5741 15
16509 66388 69762 76321 83889 13973 25797 80667 86227 44627 70650 26725 19637 35639 76622
1836 12
16530 21779 95638 54547 73229 45207 52180 47720 70752 34679 84731 52942
1250 15
17940 57158 23424 61280 83664 78489 69443 30940 1718 75640 77293 11836 66467 46677 62860
9967 17
18430 5526 26088 24085 19232 32649 74751 78113 45729 40981 83090 94368 31556 99313 51540 32317 71081
26 11
18513 31193 57812 28825 89591 36834 79353 55793 38644 21296 33647
5402 14
19129 13729 29266 798 94331 20874 99038 557 37406 21836 7461 25747 29067 78014
612 15
20125 48100 59614 49608 45460 55449 20331 71701 89095 33025 94121 68655 2593 75713 48745
4106 16
20739 30996 4571 44682 74113 28660 60014 45631 84662 52055 91470 62699 32081 10172 8488 45410
6927 17
20955 99067 39153 7163 97377 67157 81958 93604 62601 28473 69966 81314 59811 32480 35699 84406 1595
4855 20
21275 49002 1671 85241 54726 96302 61253 96900 51015 44135 42704 60112 68090 48909 46226 50795 27092 61824 74976 66955
2995 18
21413 74081 1247 34544 52146 43436 9318 19261 18246 57138 63121 30202 52134 19577 30414 5441 84242 5274
8963 19
21749 63297 38623 29905 53210 11316 43063 16223 31161 66830 93259 44230 10669 88675 82494 40902 45349 29817 97330
4381 20
21975 38669 40460 18215 75947 3505 1852 49126 46161 24950 38524 81256 47841 58217 4894 89736 1734 31979 50195 54841
3290 18
23482 82662 9508 90740 18661 76 33484 84907 81172 43961 93512 17413 10959 14447 28385 91742 3676 79759
4538 12
23527 17896 51086 27844 53443 36064 73866 47275 50445 701 7630 60603
7791 18
23942 27113 54133 35109 83007 41427 75810 87331 49959 81321 87958 48237 26638 84014 32187 91641 81874 93181
2650 15
24116 73867 35878 26413 53929 43121 81188 13908 40120 63376 51339 81960 58954 86243 80039
868 19
24532 71352 20414 52243 47902 44131 17941 98580 50525 50252 89428 42156 55200 38056 4267 19436 48775 26508 4022
3983 17
26563 74471 26795 70289 2594 94053 52759 19053 77881 36202 32307 8469 4902 15015 1907 19260 11331
9880 10
27620 91957 9624 89178 20255 75514 71004 96292 7240 18267
4893 12
28005 30989 75560 30105 93129 56984 77511 45773 96674 37160 4774 29853
3609 18
29244 17561 60040 7937 78978 55659 6690 273 35257 94112 19745 33045 10344 25198 33616 41244 41608 50417
1478 19
29736 81910 56764 95287 31959 59763 21990 29280 16091 11030 70272 40915 94114 89956 99281 3165 94760 16541 88154
3258 16
30095 45434 57657 88380 54329 95274 99284 71469 63097 12543 48024 4559 32506 29180 77319 40100
3332 16
30169 63645 73810 593 72357 73058 88703 3573 78352 42943 61457 59005 89618 14419 70415 12783
5832 17
30491 11230 29541 89442 55845 94280 81362 47628 35128 88401 96715 56796 71492 41880 34345 26420 10779
6799 13
30927 82616 79114 93276 98136 67170 92263 34086 74432 90776 90908 39183 57132
9160 10
31683 3972 4618 73769 32719 89403 86929 96777 8302 97387
524 12
31794 42128 74290 12328 22964 71089 55595 39761 58865 78394 55394 98053
184 19
33542 80850 64993 69535 30330 41179 66491 29786 33259 31799 56326 71043 34924 21874 87278 98043 33146 19888 40236
5720 17
34137 81686 35702 24852 45787 69889 67306 82922 80549 72616 44553 69400 85042 94886 33871 27025 98883
8958 15
35279 63505 37144 60861 406 59386 19992 60567 55120 12006 9150 37090 56082 68824 55618
3684 13
36274 81144 73767 64184 52341 13979 3879 50494 66179 38487 15994 75138 65974
6992 13
36392 11808 41507 76198 18627 78207 57291 19916 93173 65452 19422 22059 38949
8451 18
36906 24308 41612 50218 83834 21008 51777 91892 73698 81121 7966 18493 94988 93693 68987 16334 5643 5197
7778 18
36990 29778 88405 15216 5864 73390 50991 51192 2459 59063 50747 94425 14991 61798 33584 42265 51033 43455
3143 17
37235 42649 59583 18534 45143 62130 32051 17543 84221 30071 94576 88731 9431 42561 68253 93548 60822
6187 15
39832 41167 54337 66181 58840 48563 88219 5440 80336 62771 17636 56575 83824 33791 77394
9515 15
42202 36151 51557 49909 43393 88470 17363 48525 12141 17928 20571 18181 65022 16031 26375
4473 20
42415 4317 53865 73746 26005 6122 81713 50259 71325 49167 23389 95684 43064 18569 91984 51623 80782 50710 62394 77021
1125 12
43908 17414 36707 28360 65435 97436 15760 58609 63987 2228 88840 32976
7908 19
44321 44520 30794 46472 34104 76460 49429 25304 34323 59497 44876 98041 50020 27706 60343 90029 28502 51800 97239
4028 14
44887 31971 92669 9643 76346 11587 61764 59854 16892 65944 71499 21863 10361 81299
9410 18
48049 92563 78789 29003 61568 26707 11902 58482 14410 96269 69921 32279 48809 20877 45386 71931 26729 33503
8691 20
48126 46058 1012 33992 55052 80049 35565 87419 18437 15480 78477 20152 50247 78715 55714 29434 85175 15371 11153 59290
2613 13
48479 93403 36847 46958 31483 77940 22124 48234 51338 26160 86579 93766 37140
6150 19
49284 99629 54220 44012 75076 77013 64338 37180 62165 47484 13041 29653 10418 99681 82490 64973 8500 26833 48829
3966 14
49803 16019 57430 25622 95149 74493 99125 939 54761 60619 23171 69537 51394 11189
8415 20
49937 64311 95206 35542 22281 12713 60657 84351 58378 67938 72796 91987 49044 33500 69499 75736 39777 30125 99057 76527
2802 19
50397 96771 9668 8801 45811 22263 32041 24226 16711 84309 99840 82962 35866 99134 36731 50305 12886 25769 72496
5071 11
51389 75509 47477 91748 30089 39884 69057 24103 30677 11620 49585
9998 18
53242 14081 63916 85931 73064 7193 23867 17066 97190 32067 93052 31316 78073 865 39237 34701 85027 64416
9502 14
55974 21782 6474 36825 5376 78852 57624 39687 63406 72123 58714 42718 68596 45926
7817 20
56470 99315 68511 74394 66355 63577 29661 75433 6618 9071 60228 4185 2242 67717 22717 56111 72040 57777 50495 38043
5127 18
56885 5492 18849 76939 27431 5937 58789 53128 27167 36963 81540 80445 18248 29435 28179 76947 71653 41378
414 20
58203 57632 134 4391 35170 30257 13209 3857 11876 12491 43849 47195 82540 55000 67594 72431 98692 78367 75477 61099
6290 16
58510 34128 12062 93530 21518 46408 31850 87461 97305 6493 56528 14055 88741 74136 23647 68073
8312 17
59166 52796 38031 42879 59476 99131 80291 86888 92208 14213 68262 54250 26682 11964 76255 79129 58068
4409 14
59766 32019 66631 99560 60281 21768 42413 96921 13745 39236 59363 12545 75293 72652
209 17
60658 75416 38726 54832 89752 19526 36786 9672 47957 52117 81360 91281 21104 19323 82894 38465 61380
9608 13
61058 90558 36509 38633 4340 36631 21048 85947 81887 15501 35274 36470 23716
3454 19
61351 98346 52330 32422 4898 19304 7321 79703 31384 65309 65984 65362 84783 19732 34871 9148 65778 55062 68136
2519 16
62060 64646 1451 75849 73603 19181 53276 47709 59337 86829 48564 41871 16126 48554 80311 24441
6233 18
63324 82370 11628 64813 47265 56088 22735 56554 62682 26683 92951 60418 50742 53301 17542 20149 49309 58792
3439 20
64887 62989 42178 39392 97960 31612 20458 47501 64213 43263 38761 47302 55859 82258 10234 86189 21581 75470 50004 91591
3347 16
67037 18047 27081 63909 73956 39798 79488 46296 42963 86885 58386 88907 73455 63417 56624 24924
2565 14
67723 13699 60170 1357 31243 98444 90677 53394 60023 92265 98761 1581 45078 77450
7412 20
68343 59333 45165 27169 52651 43542 5212 94954 33887 69932 33927 86753 9474 55422 31548 80424 34867 75750 17176 13706
6089 13
68375 24944 26843 11394 78245 95327 16238 9194 95104 75237 50447 37884 30892
1705 18
69544 50406 45330 54074 27480 55585 26647 22932 60703 28747 29573 10868 85721 41700 76267 5702 26430 20589
3891 15
70328 96200 77393 64916 21847 5875 92040 69713 46221 17549 27807 45174 42805 47052 86807
847 17
70470 20053 15168 36561 62193 62374 84401 48046 28681 50351 70197 15252 1516 89192 4665 83644 81754
8342 16
70680 55366 73487 6481 516 45754 37693 98955 21279 26908 53178 22842 38367 41526 80578 22275
6574 13
71244 34065 20362 13128 22045 77559 26990 71248 71468 78617 96050 65921 63508
6133 16
71467 86575 72064 68820 8887 6366 69944 28856 55928 97822 89538 49229 30365 24389 83538 33681
2325 20
72250 62375 84942 88131 164 356 77998 29651 99729 35649 78626 7115 62261 9016 89195 51699 28641 96724 99825 67783
1481 17
74501 57324 21795 2528 6691 78483 74128 42698 23414 3516 69948 33411 18457 95592 80569 18694 39013
7731 17
74564 70586 71930 54980 31608 6507 32855 36559 30295 4279 72130 52336 19993 53230 3217 89097 63158
1910 16
75890 32105 38706 10968 90245 17618 11762 90311 71281 40637 48246 83784 77121 44994 88359 4959
4581 18
76365 78065 10811 19427 27103 62847 91559 11950 25582 37124 4198 65135 13212 32595 71867 60954 34564 26063
7953 20
76367 68367 5264 93292 52269 80570 91207 22620 25822 31686 90537 31151 55372 93054 77842 12863 69943 89599 97781 10059
1141 16
76387 92514 22460 90440 36138 46144 22369 75236 61271 83684 3452 20032 22551 97348 27304 17484
7406 16
77211 94326 63009 34578 27132 9443 2389 93620 42846 45511 97593 2262 48852 94609 47760 17657
8920 13
77618 27630 71754 97912 34347 72224 44490 50222 74307 60331 53663 72430 57027
2476 11
77657 35065 57155 70871 87780 14124 6274 82142 94451 3544 69462
7688 14
78084 58499 13010 89476 30373 45756 50695 65941 21492 2072 26965 71739 15332 51938
7159 18
78410 34573 84649 92431 89347 1623 72887 39578 7829 53138 130 79578 18427 99647 66644 38087 4463 84160
9530 19
78919 59229 30646 46332 27657 65930 70247 94433 71577 72234 84206 5518 83438 3263 3782 71665 91234 8645 18334
2133 19
79336 39173 69866 84982 7945 72393 59925 75835 39353 31861 68269 7723 57028 17531 83293 51902 18093 74358 33028
1897 19
79361 79704 67223 51065 52350 32001 98006 47795 4982 51019 57867 23838 76005 78574 67570 92617 60073 82089 86609
9825 16
80134 56591 41850 78362 51662 2204 22302 74272 72658 69417 28843 53762 91004 10778 84101 88978
1296 11
80466 19174 88340 88752 28937 9005 26826 95303 84642 45191 95991
9795 20
82816 40005 63213 20885 76529 6194 21612 27957 51869 21198 17117 43506 66744 91990 41804 76716 34002 47305 20434 65418
8456 18
82828 3184 63525 35882 22327 75132 99130 26636 81486 92738 27441 82417 586 15356 4362 56892 57733 12378
6098 17
82926 1145 56942 68205 11112 56051 85158 19731 63814 25179 13389 69625 80865 40314 42072 62756 93206
349 20
83215 64201 17897 92378 45706 49971 10212 55168 56492 71808 20469 87536 18167 97265 39545 93253 59352 73350 99807 34171
4594 20
84842 22614 41582 77518 44564 40791 53272 39124 4139 77467 75031 28316 54533 27283 59311 73947 88118 14772 87370 82528
4024 18
85138 7872 61395 25713 67415 62073 56000 97843 74750 47185 88984 40333 56147 96867 67597 74278 70994 71113
2161 13
85231 60933 8541 77726 35535 42313 79403 33316 54735 11177 27813 90603 29731
8812 12
86215 46013 48131 72428 75311 67692 14035 74867 69209 97128 5604 74601
317 10
87192 14071 82751 5507 50601 91989 35908 75006 47106 62775
4544 12
87227 54207 3786 28392 17865 72805 60387 16494 11467 58307 98404 18326
7608 17
87736 69553 20488 80796 53447 24036 44059 25200 41725 15482 41740 75706 91533 69723 52203 52173 25640
8425 14
87774 51261 77331 53213 908 20376 93780 56705 57872 64533 41110 29713 10636 27870
4385 18
87882 64225 82820 15541 56812 65797 27385 1387 77536 93110 88383 50682 67599 79743 50818 80159 74939 75577
629 17
88357 5359 36499 34693 71677 63524 62477 45587 86937 91731 16878 52794 68880 18871 46132 48386 51349
6688 19
90381 36135 9103 31997 89247 92751 91244 61095 94490 83085 49367 55025 22578 31119 91570 64789 82872 79150 31499
1590 20
91546 44930 42873 2134 23648 10382 74549 9828 80717 90864 22519 2770 83061 8255 27041 67334 16264 75650 39080 94592
1284 17
91858 25926 9653 24449 47498 76152 23372 57915 73962 7946 41598 40470 47274 86714 4411 57491 10114
2860 15
92153 16588 81930 75896 45411 33175 97540 72241 97241 43267 80093 93367 88864 51451 14574
1656 18
93771 35245 19251 61273 25507 88168 87475 86226 72509 24609 1053 44711 43936 37811 60616 23470 65224 97291
2119 16
95209 45675 12283 84550 27592 88212 23288 40627 47154 39745 4940 76818 93238 34485 10162 59456
5691 20
95249 50772 29553 79199 74690 80721 64446 69411 70937 35215 33677 92145 27275 58108 99953 35029 53533 63007 39093 87170
5503 18
95677 24958 86943 55199 40308 18873 13043 39743 4506 56070 17089 23775 64130 84016 75005 39006 2403 17310
3801 11
96052 85085 16944 42544 64369 85926 71989 8349 75826 65331 61059
7849 18
98388 54789 36985 54824 35641 22282 32800 8379 61264 13840 22266 10587 3736 32308 25389 60223 23937 30624
3995 18
98541 26424 24720 41186 66268 9532 17806 77398 50498 26309 89267 83365 15730 11629 88766 84043 50262 86451
9436 18
2878 89190 77664 11410 67395 32535 21388 13433 19172 9161 38650 96533 59163 46967 72877 83452 10436 16117
448 17
3075 97118 91936 1784 89730 84957 68526 17028 90623 32729 7070 49770 54283 16041 36130 35519 467
6513 12
4237 83665 85016 89510 67604 94647 24731 7116 77743 13079 42538 12688
1018 15
4285 62386 41981 31061 48485 81012 96491 57500 1668 14279 26121 54031 24838 85466 41121
891 18
5752 87948 33768 39858 68095 74930 64491 67375 77788 44791 76477 88916 2533 10855 6322 25101 61413 79752
1426 15
5877 63298 75449 75653 33345 14568 66273 89578 77729 46981 30643 404 80089 27306 99909
4439 18
6785 40174 54368 72389 91600 10386 75771 75100 20796 39744 13903 11204 24579 65954 42593 99588 30114 9881
682 16
6927 88473 45690 47847 32681 57490 93357 90207 68424 33000 75338 67458 3557 84194 97980 44613
6461 11
8492 44133 69385 74482 6091 51288 90621 48577 26842 68404 61232
3829 13
9192 74611 29813 41761 54704 97367 14278 4427 89296 52401 64684 12951 41506
7804 14
10549 40986 65230 42228 71461 30002 72232 90637 51995 50894 79845 30785 3827 55552
7938 17
10721 84520 60125 31559 18653 11659 60873 58252 8861 66329 95008 19572 70697 22769 48540 91861 79245
3828 15
10787 94841 68382 37521 64517 86619 15984 91698 14078 39144 58173 54136 70397 97913 92198
3413 11
11789 23259 7166 56065 46956 14911 82597 80404 70750 44479 93981
3911 17
13515 59299 75134 83408 27976 44991 95828 81688 67263 3737 21063 80813 79329 29816 82337 43879 77208
3664 15
14475 27310 30296 25681 60946 41242 68112 45601 70451 39147 75361 38594 65271 43847 67210
654 17
14962 52309 51721 44593 80484 81903 27271 89640 28548 66 62052 78523 63660 65373 90229 88807 74698
5180 16
15199 69692 95804 56889 9503 93473 27485 11596 7360 98772 20731 97355 66997 23416 24554 11516
8252 18
15644 24053 43887 1999 37139 22870 36026 95482 70777 48007 41332 23250 36571 62528 7933 29847 3773 66036
7223 19
15989 52320 34182 8314 70059 19198 89055 70266 18879 10849 83700 59305 67807 27721 95218 23151 20730 27130 99790
4633 19
16590 73972 94199 77396 38658 20706 26653 1542 27747 16914 44404 78025 5107 48799 68795 55488 15868 51555 542
2745 17
17669 69768 86292 6444 98281 43605 18295 49308 68436 27683 40078 36069 53300 41694 81791 53561 69466
5904 15
18346 55994 3944 26048 15993 98536 36223 56242 32901 2367 12326 41049 48925 93489 49262
1782 12
21256 84771 53798 46231 63432 80324 74051 74995 85157 39726 24072 33471
642 16
21787 526 48711 55420 56643 89407 4288 62757 35852 23407 18101 90227 66417 62161 2562 30005
8824 12
22004 66680 95888 65461 49785 86449 56839 87239 35200 42049 4865 20000
3598 17
22754 53333 41803 54604 45421 48460 96438 31410 56559 93100 13292 2606 36616 25374 98058 67988 66319
4592 14
22756 11984 50130 2737 67041 94241 7033 56565 66520 32609 62166 73461 99838 128
1710 19
23575 87730 81702 72811 82128 28593 24420 49003 54573 8315 16624 79794 97475 40172 87138 70407 12570 18689 88922
142 9
23765 27708 52504 70926 25320 72905 41397 69776 29870
6094 20
23926 95466 71611 38025 72426 63342 75071 60997 221 90979 94923 72589 53451 34292 40450 98301 95557 71778 67491 88227
1661 18
24511 85544 148 52131 38934 31834 63329 54200 78657 11558 99581 61243 51298 24792 35534 41620 75322 86486
830 12
24723 80731 80037 6427 32039 87937 52069 8634 95912 77607 11878 70588
7979 18
26019 4997 92866 53177 81657 59918 51645 21376 76093 85594 2246 93106 46998 55846 34025 83163 97833 67724
3716 14
26461 59923 18660 98119 91528 15012 97408 89597 50237 74706 43632 13290 68078 12281
9756 18
26626 10075 28712 45579 1506 64002 83686 59747 32642 75088 70970 32028 6729 32263 66913 41945 31285 72367
1067 14
27147 76246 99738 60848 55951 68054 65785 13329 45668 60161 32169 88068 55155 15731
6179 15
28605 30428 21339 9572 86007 3457 45439 23087 24006 40613 42006 52398 63008 70967 9863
7881 12
30489 8436 94115 69356 47235 30549 40758 27882 50018 12040 95013 29647
474 15
30636 17090 90701 72424 81843 18125 3551 97935 34850 71807 77169 28029 46991 12820 76972
3267 18
31347 19951 74437 21116 32154 39327 74502 6432 54747 30344 37906 61801 73566 32751 16456 31974 91120 34595
4908 14
31701 62444 39336 34200 31132 14327 38305 48702 25168 71382 70220 46733 64558 13611
8902 19
33301 22675 45112 94621 37332 22065 32830 18407 60157 38268 42818 24014 40132 39516 45574 96807 63862 31122 51948
1714 16
33781 20528 5227 62669 32501 704 86066 30841 99074 56195 9713 8974 9489 48185 98330 21448
3148 14
36813 23400 48541 32967 20102 41864 87563 95340 21022 87166 23660 47631 71769 63389
5272 17
37152 6228 26000 54677 14946 18631 83652 52185 49264 37339 38740 37519 79790 44610 8396 50995 82744
4700 9
37656 28501 60673 47159 118 28180 5700 42046 38472
4179 16
37935 7132 51651 64778 85846 98616 18981 73321 9395 54557 43809 34561 39164 2321 65726 17296
9288 18
40098 86820 47174 41183 49861 92185 95148 9096 14246 90556 68905 54840 23934 28344 64649 97516 7144 61205
2787 13
41695 42080 39196 18277 48839 40733 9806 88269 57208 29539 27314 48346 30131
5327 18
42237 88264 63407 51877 99218 83701 77762 27648 28744 45937 9908 90862 94202 12826 82095 70315 10520 5678
6196 10
43207 91079 44530 20989 37236 27731 30080 29026 93482 25940
6917 17
43550 75900 67208 84537 73016 99971 2783 61452 99121 68529 34156 12496 94815 60215 20728 2097 7959
1967 15
43927 40905 58156 8369 33135 86026 92869 11981 43534 5236 44470 26335 73638 40595 82135
7640 10
44156 15780 19508 56876 94561 48653 81718 55041 62715 64989
4430 20
44228 62452 81339 52219 68883 36836 55012 37464 1557 14462 11400 92534 12679 37523 3216 58755 80658 73238 80369 93730
7779 17
44403 8868 75544 10079 40153 46854 6015 10119 65886 97939 1988 20500 59950 71297 13221 60505 97155
5890 13
45170 21303 87132 51014 54564 2906 38068 86418 6903 59698 74252 21789 60359
8536 11
46383 24795 76757 59880 48124 69885 37942 22722 72420 47251 96280
1456 17
47366 68541 85686 16986 98342 85133 67018 16266 14939 4361 47831 65834 32097 47245 93384 82125 58663
9242 19
49420 21470 74072 37102 78355 1941 54825 37862 89260 26479 52262 31590 10725 86748 42919 6430 33400 29313 3638
9977 17
49485 63775 92433 43782 68248 52412 65820 1364 65125 47123 40856 60396 87676 72965 28429 33970 4094
5176 11
52434 21017 74963 66956 96660 6053 73128 89898 69530 39477 2619
9670 9
53920 21950 11959 32084 84402 35435 23702 31617 41790
1442 15
54192 18754 17519 98587 74639 48273 19789 55466 18624 9376 22298 88701 59368 98145 99216
1041 11
54408 14469 94426 73870 10289 57473 18919 93566 76719 39044 80354
8820 14
54800 36960 46175 82017 36738 16630 18743 11191 96175 42922 43439 13073 14392 48105
4355 17
55999 62148 73320 45052 87950 1478 7753 56024 50139 81916 51294 98644 28851 13807 62132 26051 47254
6409 16
57875 51245 6406 28494 7006 25469 11627 36878 98997 76413 6061 9160 67297 40316 30185 39456
45 17
58149 75469 5047 48669 21814 98282 98809 57568 64975 26758 54179 48991 70497 74095 85937 10583 4932
6488 20
58364 58130 71073 51499 50515 21839 91275 35983 90015 62201 23858 98655 44534 56557 91776 68683 46920 25171 99623 98047
9814 17
59032 51327 32495 30769 38473 63969 4881 5046 80386 85182 98078 98852 51280 36668 61093 45444 36275
3499 20
59050 92334 91827 52685 74395 83485 92429 88147 75149 9251 66315 42532 81902 75643 35971 40072 58211 1124 28102 24300
5053 18
59378 10965 47759 45636 95967 73720 19673 93125 97335 25811 93391 63193 11913 37442 56682 39551 97862 59427
938 17
59728 60787 63140 63648 96197 40342 25333 86730 95690 52667 68767 88373 97224 58567 88994 19821 65945
962 17
60472 54311 90022 68589 65995 69990 80245 17240 26091 76050 6991 51 39128 32548 42600 65457 11387
9378 18
61959 37502 46011 77217 568 40734 36440 91143 98191 37796 35240 57704 22151 90055 39449 44048 91204 50129
538 18
63150 77541 12738 4705 96949 61716 99933 9441 42996 43561 96823 67685 90894 79496 17589 49837 98879 38088
1725 18
64105 96309 20639 75688 47773 72812 21222 51028 11418 74978 58216 37583 73196 83499 23399 83255 47814 98779
3231 14
64237 71240 9135 24912 67961 82263 63083 31585 96159 18823 91368 38455 68377 39541
7330 19
64336 99326 62727 36096 62179 2640 28662 43214 1405 1190 50827 67048 73596 7272 46124 98435 93978 49032 82553
3429 10
66050 79597 64040 72290 91707 92626 63632 98794 51983 78194
7045 14
67035 70445 17983 79991 43027 15855 53886 50528 46945 40769 30104 48410 20267 64734
6900 15
70957 61143 95188 26881 90465 40778 31425 33507 30226 17678 49873 65779 9796 56122 84837
7922 19
71172 98150 50517 28021 44733 97664 40713 55821 60934 53090 98409 68941 27539 59814 66895 93038 27402 87544 30135
1615 14
72081 8743 48943 41562 16979 2573 98400 2039 79922 81152 79395 41881 50652 83953
7068 19
72539 25139 68501 76252 49030 83139 47450 50394 71424 15224 8617 67357 63537 10876 80396 57496 7651 98978 40257
8839 18
73517 13780 93992 11548 62467 17418 61444 25692 80409 4964 15830 66404 30601 79479 48420 24954 25978 76776
5564 15
74236 55358 49121 25108 46894 25948 98296 2155 22697 30404 91233 47758 11871 27293 46933
3722 13
74617 77650 17420 39803 30831 92803 67561 22645 68679 8250 38383 86539 99809
3182 17
74720 97675 85622 70932 71168 68327 28557 42131 32336 48825 53636 10925 85470 72154 62590 75229 48230
1330 17
76447 2307 70520 46924 69719 2308 8073 89557 18116 57147 49122 69004 77326 51819 64102 35564 76990
713 17
76825 61069 40408 3566 91155 87028 28713 45387 49475 28565 82198 32643 96448 89016 8217 52742 74248
1065 18
77947 91882 78289 87160 56400 93966 54970 9015 76483 33295 36080 88148 59899 39346 28543 50281 9836 95946
6004 16
78435 11891 11292 78597 89391 35369 6425 5388 87010 42037 26097 90408 59964 90516 39586 92967
6739 10
78605 49017 32314 60521 54695 56487 32677 22177 12013 50698
2273 15
79374 47563 65605 18856 90745 32763 41710 94412 41607 16090 11854 45843 69929 96670 36244
1341 15
80065 41176 31616 24766 66562 61228 16372 94980 93236 469 77322 30802 62345 81938 15484
5970 19
80688 72150 89427 9378 99293 56309 80479 19756 1606 75568 1673 84228 12873 7717 46606 4283 79238 30275 36938
4793 19
82509 4243 29938 961 67811 46678 3087 75671 95901 9825 5698 59492 43560 47936 79808 64374 20555 61912 6033
2127 19
82650 99260 101 58409 24264 32759 76325 26695 53221 61867 29851 64279 99788 35682 37197 56781 93557 51072 15442
2393 14
84500 71014 91348 71490 26762 80125 49514 63156 36285 44447 55312 60856 78685 46180
8018 14
87624 59830 58605 9839 97254 70701 72549 35134 57156 24537 30048 54698 85769 85810
2216 14
87901 43240 46499 77041 38387 74044 68745 59547 47008 21268 21043 40751 20608 55253
2482 15
88402 36056 98838 40243 66902 26363 32882 66188 57642 68825 86882 5298 32212 20178 28954
6644 20
89990 62465 5281 47332 52990 87633 79918 60249 35676 34217 91504 2164 10816 32722 59710 43182 39066 67532 73905 34688
1690 18
91761 32861 93681 56080 53919 99536 32610 22256 44080 74950 48518 74480 22036 33213 55029 85301 21823 47934
