424
3172 13
96240 71744 47058 49452 63434 60034 93592 43269 79747 11291 64521 9062 8967
868 19
24532 71352 20414 52243 47902 44131 17941 98580 50525 50252 89428 42156 55200 38056 4267 19436 48775 26508 4022
8342 17
70680 55366 73487 6481 76198 516 45754 37693 98955 21279 26908 53178 22842 38367 41526 80578 22275
4592 16
22756 11984 50130 2737 67041 94241 7033 56565 66520 32609 62166 73461 71248 22769 99838 128
2109 19
59548 69361 53017 16081 19152 43212 31327 64071 9177 82880 42324 84424 53156 60640 39183 32541 35173 81350 12460
4963 18
99629 28048 34875 28802 47826 32355 21883 62023 61153 13355 21360 67334 36289 99191 39937 44372 31380 42460
2491 15
42649 51344 80955 41415 48119 51438 46832 62054 25823 56324 18504 26953 70314 45236 58828
4633 19
16590 73972 94199 77396 38658 20706 26653 1542 27747 16914 44404 78025 5107 48799 68795 55488 15868 51555 542
7801 14
92511 74929 34242 64579 8998 53143 52343 42360 9805 66911 64401 67131 5417 46320
5402 14
19129 13729 29266 798 94331 20874 99038 557 37406 21836 7461 25747 29067 78014
3719 16
98025 81004 47367 34807 37449 80832 26483 7953 41713 74216 89283 90708 38987 23489 97039 94938
8623 15
96798 45655 34443 98012 82787 79766 91502 18795 87784 67949 81342 59584 17977 41323 12233
3143 16
37235 59583 18534 45143 62130 32051 17543 84221 30071 94576 88731 9431 42561 68253 93548 60822
349 20
83215 64201 17897 92378 45706 49971 10212 55168 56492 71808 20469 87536 18167 97265 39545 93253 59352 73350 99807 34171
542 15
90563 22135 98687 53334 56865 77058 77627 15560 88830 12927 45750 85408 60895 33694 35954
4024 19
85138 7872 61395 25713 67415 62073 56000 97843 74750 47185 88984 40333 56147 96867 71537 67597 74278 70994 71113
5752 19
43691 17600 78501 67987 49030 59570 74346 68601 98243 36865 83835 72565 26997 60909 99666 44716 7877 53650 23046
6924 20
71058 52515 321 21608 74778 914 26289 11872 72342 79063 63846 85194 99091 17326 72444 35243 79444 74130 28224 437
8659 12
36054 50421 50837 71598 79943 57540 74354 16263 46930 33893 28136 70857
4544 12
87227 54207 3786 28392 17865 72805 60387 16494 11467 58307 98404 18326
2250 15
38008 10297 87671 68845 14779 46943 19243 87037 52198 54812 3417 3737 95542 84817 70257
825 18
96894 9758 72211 62630 44047 35649 16387 19761 20058 49609 69306 83695 78064 32974 63729 37375 88894 72176
8185 11
91237 58905 67313 21806 70946 39235 28532 60406 23834 51498 84863
3837 17
77213 22974 98230 52789 9470 81538 27601 62685 1730 64520 91342 77605 89564 48163 64117 76390 25504
1495 12
93892 99096 41984 26928 2675 84839 22452 89522 6648 90493 40382 94837
9954 13
68841 24599 74355 18434 16593 47005 85957 98565 77371 41442 91260 18951 53316
8963 19
21749 63297 38623 29905 53210 11316 43063 16223 31161 66830 93259 44230 10669 88675 82494 40902 45349 29817 97330
5132 10
99999 42857 60610 25338 75137 94147 83558 94564 70823 44345
5687 18
57895 80350 56915 24711 77519 93903 11163 16767 99532 26971 12006 1309 71188 20019 40386 82885 17174 64527
1705 18
69544 50406 45330 54074 27480 55585 26647 22932 60703 28747 29573 10868 85721 41700 76267 5702 26430 20589
4374 19
77843 86257 46345 83665 14610 8107 35776 7662 2140 23023 84396 82383 36125 32556 91289 21304 65200 5748 76539
4594 20
84842 22614 41582 77518 44564 40791 53272 39124 4139 77467 75031 28316 54533 27283 59311 73947 88118 14772 87370 82528
7736 16
90159 29918 56439 99773 94907 51154 69643 7897 77480 63164 85917 1616 32385 13898 17270 16771
3684 13
36274 81144 73767 64184 52341 13979 3879 50494 66179 38487 15994 75138 65974
2984 18
59464 71432 911 65932 20223 71546 99933 15268 77802 37544 17016 98914 52854 2953 36968 74210 63935 1455
7047 17
89089 98943 65016 24013 48581 91604 52756 71077 38757 2083 32166 47941 54770 53680 39861 65050 76491
7869 18
23714 62892 38105 42863 62230 42010 23022 48235 2088 29222 52757 5620 31536 19458 79648 21874 17469 81064
9927 12
15046 62049 62499 74206 79480 25242 30544 6861 6495 87095 75180 79254
9330 13
99538 91825 65059 34694 10124 13647 77062 54012 43905 18950 59696 40162 33280
9460 13
2404 22338 72555 66906 87693 87181 10043 94677 3868 19632 27752 60724 43007
8521 20
64176 83416 49863 86004 86374 5922 3523 9525 52981 14317 66555 55003 92700 98065 53094 45102 75115 6293 94592 72412
2339 18
95783 84827 69216 65811 86162 55998 93801 48621 82212 88562 13989 73062 5851 98479 16402 31604 63521 676
1785 20
75745 13637 3713 71438 25081 83641 89629 23466 20710 28923 72860 2644 8805 70753 65211 35779 23543 4612 67301 26014
1488 13
24347 5672 94462 22695 39288 94939 1762 80258 33891 32887 97224 14619 37975
9577 19
39698 5681 2887 83169 49745 82330 77890 35161 47865 67762 22691 61011 47131 83488 70471 25852 21792 32744 81441
1773 15
68833 73845 18163 13988 79356 16687 56875 23778 79246 13491 70494 83220 93441 33405 61380
5600 15
32435 90686 35695 95618 52455 45447 66131 23833 56328 26624 41495 43411 65852 87505 18621
7709 18
99195 24499 28069 69407 9816 71892 58854 6194 78733 23021 56021 67654 91415 53259 88615 70512 80735 37972
8157 19
30093 33974 29338 77610 52112 88748 80572 38401 17039 8976 2164 62986 5079 56037 43416 80212 16395 43003 34530
2732 14
98643 96872 34513 60437 17453 48868 58308 55683 61549 12612 45352 30026 16158 32601
4472 12
11639 22 68847 35070 77229 24982 44076 74212 96709 91501 6311 13360
136 20
59229 89139 44802 13761 40032 91654 56992 80739 30890 62274 59705 77442 58009 96918 71630 26421 98607 43787 13762 82340
5594 19
98909 34552 34487 2107 83333 83240 86297 12627 58893 59137 82518 10587 49079 66616 79497 17826 82144 43980 30155
2482 15
88402 36056 98838 40243 66902 26363 32882 66188 57642 68825 86882 5298 32212 20178 28954
9160 10
31683 3972 4618 73769 32719 89403 86929 96777 8302 97387
1874 16
88265 6524 46601 39683 16826 12569 87458 67362 10693 33390 15509 58190 28906 71871 72639 63855
4106 16
20739 30996 4571 44682 74113 28660 60014 45631 84662 52055 91470 62699 32081 10172 8488 45410
447 14
94389 99655 62651 22670 78051 80374 36595 20040 91188 45028 84599 1235 25508 83893
710 18
16156 96023 23589 41439 84620 73247 37706 8472 91857 31415 964 9437 6486 32347 36167 93989 42805 9638
8696 20
35619 45104 44776 86267 17085 89554 3876 87902 38304 24855 77630 82092 78115 2284 82577 94634 66416 42488 5076 65791
5050 17
82370 47576 99354 87247 41597 35893 34949 39820 81078 74916 34350 93662 58581 3928 36060 6422 7328
1367 19
46282 13827 45539 22765 36998 84147 66062 86150 51336 38559 9091 16532 15715 47353 98276 82433 11608 75717 91069
950 19
20733 97532 39989 78655 89239 18344 21323 47995 79718 26107 74950 16626 88742 63784 39224 23026 38691 89265 30405
4284 18
20698 72299 37144 79590 23103 39219 74488 33387 94524 79501 99442 4492 84059 55489 91306 76024 95026 40266
6956 20
23222 12022 24652 96357 51299 69003 51266 91610 39583 9618 35034 46911 65207 17917 41029 4121 51478 53783 44889 95428
3868 16
88866 35657 15235 78867 15483 8246 20585 93556 71860 77797 48204 36551 14853 79373 45565 38492
3883 15
81808 44369 73083 97903 33589 48709 52270 51928 42944 24416 73176 45299 99574 60726 22713
2373 19
95985 99184 91996 57460 60194 5275 42763 81065 90410 29834 80114 79075 60599 80700 56102 90475 33766 12505 2562
1636 12
93799 6910 41030 35542 21077 58967 57157 84028 56923 71989 95264 27923
9656 20
69692 40244 29505 81346 67639 60770 67172 70693 5714 77205 46988 84892 41026 28586 1713 52553 96574 74266 58660 52737
2457 11
73007 58821 8334 74588 24780 36205 77001 23508 55480 91283 36987
8843 15
62185 75867 51046 50624 58949 39604 82538 41602 56130 30128 78685 26685 6612 41879 4463
537 19
81853 27234 39709 25397 98577 14282 26854 30595 85228 81256 86922 51889 76734 91758 17842 15699 2473 98569 81581
703 17
86055 73064 49338 23091 66951 89033 56745 36614 70286 79756 49317 45427 10282 39014 97238 73048 75982
8263 17
11126 28202 71490 46270 55646 2733 6974 64986 44886 67014 57446 87788 7696 1349 52668 76359 64885
4741 14
60103 88558 56904 7262 14982 46894 79541 30807 40058 11211 68621 77687 79975 29095
5138 16
60787 52796 57020 8507 8238 79360 56052 2221 10533 39655 91315 58099 50843 20745 48386 96137
9911 17
98925 53222 31495 72497 22964 35153 16947 86125 21567 1380 80577 4393 244 60879 9623 30592 10230
5184 10
52462 81290 84137 86390 7958 20590 64904 16570 50275 49202
9365 17
89008 30049 41622 44157 88100 44276 90699 77568 70795 28017 66106 49773 68226 21138 93035 6005 61905
1584 17
80641 55911 51502 39082 13976 20516 67789 75917 21771 11055 35610 87744 92745 95584 91937 41634 30631
2047 19
31450 16869 65400 85450 16253 81296 28650 75276 7932 37522 956 5708 80520 75223 44463 19298 94556 29083 10296
1590 18
91546 44930 42873 2134 23648 10382 74549 9828 80717 90864 22519 2770 83061 8255 27041 16264 75650 39080
9250 14
64333 91350 85035 44363 81473 22362 56990 26902 40283 47229 50572 401 36413 13243
6370 20
33734 88380 46583 427 32239 37690 34253 18097 91160 32566 93433 93870 94898 3501 84683 48312 43840 60385 40362 25601
2257 11
37279 92596 8041 97877 53545 49709 35380 24086 83071 26567 44184
661 20
48941 87312 32402 83190 46618 77606 50977 25973 15297 26557 49350 31489 55860 41272 44823 15973 86001 9112 5110 66405
9725 12
20236 38321 45739 97818 22833 24287 12691 35577 75998 95465 90372 75030
6899 13
95073 51050 94621 10095 83721 85338 7382 66671 56318 85529 14246 36977 66595
7475 17
69195 95291 89106 95673 30433 68584 49117 56617 24988 80950 27772 65288 85665 44233 51279 96374 33495
5091 16
12683 88734 69124 8330 79615 89906 31388 44496 25414 38037 57384 28866 21570 39856 28304 65945
3654 18
41723 86185 40369 93975 41612 42499 29744 29961 55971 29642 24886 25653 2604 99153 16099 48247 26992 46833
6763 17
75245 31959 41581 36512 91995 77733 47378 91707 50751 40343 34547 84762 79299 33409 65348 39160 50338
3074 20
26264 82820 72959 37009 88267 81360 1016 32454 92498 28384 45069 88537 21746 15175 24574 40967 63173 61306 61127 75486
2678 17
35126 76421 29041 77250 76691 1318 76991 17356 90922 12219 29025 57883 88257 69205 37851 36316 67809
2331 11
99421 67429 47495 77431 7728 99841 95845 35191 82730 79548 86018
6235 20
54675 98310 2510 89751 51514 33564 21213 14188 78483 27975 20599 23126 10813 67868 16201 74048 89434 85956 44347 43368
8836 10
89499 24580 34214 68117 76790 19360 66965 51908 58601 70580
6900 15
70957 61143 95188 26881 90465 40778 31425 33507 30226 17678 49873 65779 9796 56122 84837
2611 19
20379 72537 29310 97483 2013 85641 57813 30014 35787 52184 29626 42207 20784 75980 71017 46689 55573 2252 70329
7707 16
14769 89701 28518 49549 18663 81219 39580 57809 93599 42838 85838 31069 55529 30697 5706 18263
6538 10
63790 78623 14933 46525 80291 14029 11118 8287 70242 44112
7803 17
44789 49077 74195 71749 77821 64949 29809 15174 22727 2896 4527 37021 12753 84449 27483 37234 54908
5873 20
51111 42960 71845 52916 49162 80581 64148 25664 54746 72106 10884 31494 34432 30683 68214 76811 97334 11228 45383 26816
689 17
32873 68624 1684 96861 16153 94276 23254 49548 18401 41102 83589 25651 44581 39002 16470 83528 35758
122 10
89613 22078 37843 98090 47800 78834 12344 70053 13385 55902
1478 18
29736 81910 56764 95287 59763 21990 29280 16091 11030 70272 40915 94114 89956 99281 3165 94760 16541 88154
6218 16
28704 99660 71790 9772 18018 21458 11167 26004 70536 97296 66609 93996 36207 78879 52549 90010
3761 20
11607 51684 32960 63048 9296 41286 97569 36152 58738 39340 55676 68579 6914 69288 68646 55714 88316 89142 95687 18111
5957 18
93648 73285 16118 9519 14059 69655 16538 92937 4178 30236 45400 7362 38263 56863 41798 15857 11601 69754
5826 18
14850 16690 76876 73695 96665 24520 8303 40366 40535 48779 42345 17843 44091 53416 86420 93314 23706 44358
5905 12
45650 25061 20582 60890 30042 24556 42005 75981 87384 33434 91766 43129
4355 18
55999 62148 73320 57430 45052 87950 1478 7753 56024 50139 81916 51294 98644 28851 13807 62132 26051 47254
4059 10
95569 62569 88056 12229 19054 3166 23918 50230 86716 36425
6229 10
76302 75827 28422 81657 24198 14751 61540 8106 10817 17584
3340 18
89643 82696 96673 54815 23964 77225 8177 76201 37866 7453 31484 66710 34884 64382 45755 46621 33191 1489
1923 14
26537 71859 45187 23612 98448 2883 58861 85162 9757 51298 778 40123 33125 99277
949 20
85340 66774 85625 99103 51721 70208 16433 81237 96095 35429 22710 46937 29480 27370 44036 8189 75318 86022 34020 83829
7827 17
17799 94666 99920 96711 10263 60037 61070 83929 17720 93251 19289 71907 95557 99721 21813 92849 20123
1697 15
78058 52479 9413 44203 81617 14704 6022 7482 93646 31390 95311 70834 2041 62710 7274
6060 10
96346 93867 58658 33014 38156 82043 44028 9960 86675 2388
7786 17
17896 28405 35502 53760 15505 38905 39415 49193 95619 54098 25158 1248 58615 76788 98713 41312 30416
1622 18
70892 82130 45074 99205 45923 16534 82155 11158 59405 86851 11246 97323 67191 71550 7142 65512 75768 92452
2426 16
62386 46011 29891 79815 47956 20121 83455 80268 32695 26876 57164 41980 15831 51424 36818 6297
9431 19
52589 54312 66093 72948 99710 56225 59627 93347 86009 20445 29574 92356 20072 9232 15629 50933 86163 78398 54152
1820 12
38829 46827 56607 57435 31953 71534 99481 6588 78487 4600 22788 15017
1298 16
65581 81228 3430 61009 18622 44073 777 27229 17089 61899 71548 42801 78054 91395 20610 75556
9775 18
77110 63160 77427 96993 79094 63112 74620 61448 40064 94834 91818 58834 4152 7553 65172 75873 51106 10071
6150 18
49284 54220 44012 75076 77013 64338 37180 62165 47484 13041 29653 10418 99681 82490 64973 8500 26833 48829
4145 20
97083 92108 70297 41819 42562 63541 17872 81685 31357 74187 27858 17431 94869 40349 15333 582 85829 46297 47120 74678
5134 15
91032 93992 97031 41345 78271 77120 73307 68890 41570 6727 98153 79664 97582 10421 62796
6783 13
79679 38845 16383 95095 33737 2324 57165 44717 67583 48392 16770 51427 82698
1656 18
93771 35245 19251 61273 25507 88168 87475 86226 72509 24609 1053 44711 43936 37811 60616 23470 65224 97291
1109 10
29735 70282 78813 65141 25962 74628 83089 14698 61713 38329
6112 19
21317 87586 57834 95722 96465 1051 40142 54018 78666 6901 47382 13248 31668 61716 27539 86659 95625 93072 71160
9626 12
36858 50203 87804 5605 60586 16958 77665 55269 98963 73050 2533 61235
7673 16
94213 41965 94684 79896 3346 86700 82362 52006 33619 6644 99132 85973 64448 68285 50561 63693
5761 20
90886 19707 82127 82537 22202 10195 13204 17367 70757 59747 7101 77951 58793 51586 90546 9465 83633 49440 58848 84117
4457 15
89928 29127 89588 48851 72070 90672 43625 29944 10762 39188 52833 87383 13166 72866 74825
1224 11
40119 56486 45202 23191 61704 7351 70091 46850 16614 625 70152
4855 20
21275 49002 1671 85241 54726 96302 61253 96900 51015 44135 42704 60112 68090 48909 46226 50795 27092 61824 74976 66955
9863 17
64221 21622 37999 45952 87376 61288 51019 54906 4296 44175 49458 13687 44851 37145 19321 92764 66438
4231 18
22830 93013 28 33514 81509 90565 37715 26108 83453 7049 6070 21764 96225 17548 68464 48429 52359 24035
8540 14
18443 79081 6855 8706 26265 56709 72970 76142 45067 44182 96522 81486 7705 22852
1537 20
48693 83836 12074 77438 74527 42729 97801 91907 10681 61374 87307 33275 37321 69114 17099 72268 54007 2729 6451 86409
5941 16
20646 85311 7996 96649 25014 71829 86692 79241 97423 8370 93933 79925 54837 23183 59284 58082
9714 18
53291 50532 32449 66724 78860 5309 62448 44892 37184 54495 66213 99827 55377 86864 56006 11274 81462 1513
5604 19
88745 9206 98615 83808 9978 26512 42354 3229 21085 83291 89538 19539 63689 63423 74267 60539 98019 95456 75707
6152 13
28053 5991 71306 14160 6747 94538 6315 75597 71362 23049 16806 24180 33034
7339 17
77692 95078 53848 47960 18156 43162 32093 28568 37395 32405 56101 29228 27500 5671 72783 50903 99861
9608 13
61058 90558 36509 38633 4340 36631 21048 85947 81887 15501 35274 36470 23716
429 18
50240 98693 9338 12563 74800 4563 69309 52052 90776 16011 34658 65576 97297 7651 74594 94069 22388 46763
3050 15
7507 17096 20053 89911 80440 31709 57053 55851 41617 50044 77035 63291 69020 14042 20139
9878 12
58222 47150 99160 75605 74552 37524 20360 16787 83310 85594 24447 57028
3679 17
43919 30290 53944 77953 73279 33897 32628 49586 15648 91484 54193 20209 39446 8895 23169 73820 64846
6289 10
24167 11857 93353 25275 67445 9609 80833 37646 757 63421
29 17
93750 80532 77682 66311 68449 12708 33042 80009 55674 33336 68691 77350 99675 97733 50056 23600 69534
9312 16
88158 34322 5353 76324 96352 59080 77836 93431 41740 95765 72320 17594 88418 70382 21840 20782
8976 19
99108 935 11277 65931 74851 53060 12849 78872 73120 10516 7834 3108 64180 33228 82073 43847 99779 51487 6077
4863 19
15612 99373 89245 21759 62723 45776 99144 14433 84737 45500 23304 95228 2632 46266 88676 7020 55508 83980 79209
4251 12
46481 95377 16994 80130 15036 61616 80598 7613 49793 41937 60970 93029
6754 12
48874 16462 73946 69574 57188 6136 64971 54195 47046 9716 60674 38055
2726 17
18331 21930 81852 44390 32087 90838 93950 42372 41948 67659 22237 47986 36233 12623 86282 38472 62456
9315 10
13578 57019 96890 45363 66798 2485 915 6 85557 32713
576 11
27135 96841 61498 39389 35371 16664 30843 68442 22253 35571 47697
9889 12
17833 75279 75653 33093 70722 99860 32305 47077 39701 71030 55108 29752
5360 18
33065 91915 18325 82605 56937 43051 56856 54788 20246 20416 31018 55642 66546 76585 22487 1845 73095 59857
9951 19
30746 79279 99083 51430 29724 44718 93979 49895 98805 30497 64155 77165 50703 15113 59129 75166 50730 6896 83863
8233 13
74651 34438 94539 29526 29074 80454 64706 58218 56765 68056 89099 53464 8745
5664 18
48407 99451 46966 62042 59453 89379 79939 64089 71750 23238 92874 56387 74449 23990 26666 47216 35355 6082
5503 17
95677 24958 86943 55199 40308 18873 13043 39743 4506 56070 23775 64130 84016 75005 39006 2403 17310
6715 17
35878 70288 49510 96008 9544 69349 94724 95314 3598 68116 34769 98111 26822 67956 75926 92033 1147
5836 16
74107 21366 99548 60268 93283 64724 4677 47206 29522 69869 16605 59628 29682 11646 78095 15179
7291 18
22361 46919 93667 5342 59060 94577 91141 97174 12393 35956 95184 41236 72354 95257 4819 29640 13447 2913
2766 14
63970 67435 29003 83218 98781 64813 8959 87284 25862 75043 49417 362 84355 17508
3963 13
2032 40951 9198 77271 14372 46136 44899 40175 5135 8815 84695 86171 38634
7623 13
66413 62283 35565 60148 96216 79222 17748 16115 35692 91002 29517 88658 44311
7233 13
71122 63919 91079 33742 95717 11465 25600 19792 86048 89749 46654 7392 81953
1910 16
75890 32105 38706 10968 90245 17618 11762 90311 71281 40637 48246 83784 77121 44994 88359 4959
7926 14
10129 8243 80345 24277 69405 96734 23307 91739 82307 30372 21307 98060 10932 37555
61 15
26401 83635 10448 30734 22628 26630 270 91850 91434 4280 78493 81777 99911 74641 38128
1188 11
72436 97269 82323 28959 93460 72155 35545 83385 52332 93526 24333
8993 20
44224 17124 33743 64519 98136 187 39834 56391 847 92714 79606 87988 80539 61528 3099 76163 77108 66780 20746 4825
1558 20
97366 26260 69617 33220 24684 15364 69691 67847 93152 68838 60398 25111 89419 11515 44187 18658 7743 17591 20831 36979
3967 15
45867 5029 98150 3934 81836 65345 82439 78523 89256 37267 58643 16002 78743 37839 9551
67 19
97380 10379 80138 17819 38474 53171 78606 23088 96609 19160 43532 29957 3776 56251 8420 43389 97315 66461 13875
5263 16
73291 34601 15260 64389 38744 35600 83457 36344 21385 805 41725 37405 63602 32725 27573 90365
6236 20
95663 46152 89336 72514 26472 74537 37495 85494 43916 49075 71100 88550 89773 67257 89011 6736 31748 23755 21997 97316
7630 14
2334 70287 37838 23548 58172 82939 86198 60555 92006 1471 79061 20506 7311 47513
3991 18
13418 76039 74394 60091 84748 965 19820 53412 20429 90156 47613 18276 14943 89303 14661 63001 46311 59533
9215 17
75049 25313 7201 7171 98088 21460 53640 54692 84790 40786 29947 66110 87985 40254 25124 18665 96354
4626 16
40041 93171 5871 59185 72668 43299 47208 61425 5799 55430 41373 31619 76669 47575 12639 27547
4504 14
79202 50743 83713 47374 70027 8590 50705 79064 66356 93345 87630 3035 35121 60758
3966 14
49803 16019 25622 62225 95149 74493 99125 939 54761 60619 23171 69537 51394 11189
7575 16
67566 43509 79454 43121 81317 53525 60496 80057 14517 96630 31529 11851 99998 56723 57733 66420
3415 15
74564 55114 76940 15130 10811 51104 11174 9039 67042 61919 5836 68213 68404 57367 56476
5345 19
860 89116 97852 15602 94530 98257 32964 24450 62392 72349 11138 17624 31374 36536 95436 90912 13629 30131 56301
6960 15
6247 71899 54459 19748 38352 10844 72698 99689 50433 14405 67911 82588 69862 36781 61486
1859 17
49937 56201 77104 24970 2263 39394 21594 61791 43435 7584 53742 21577 77377 58056 77776 65587 376
3520 18
17340 84153 15055 62718 25285 15549 93530 6933 54409 58047 64111 77097 8184 15673 42699 98266 51922 82462
3851 19
39971 77962 52840 95097 2886 50622 63080 93541 68778 8631 75529 56534 55857 38306 55910 94392 83123 99995 10676
1134 20
97847 75431 25465 54712 98064 23881 74091 20869 56435 73491 56195 4977 64372 30164 23150 92712 99114 86112 98053 58042
582 17
75488 59914 14208 85600 8310 52278 42420 31226 50482 75501 47118 6853 95223 37301 17808 55321 1547
142 10
23765 27708 52504 70926 25320 72905 41397 44876 69776 29870
7147 11
11699 71419 53476 99286 93179 34682 3484 7912 56861 10685 66666
9647 19
6639 93830 20992 36874 22523 77077 36307 29392 69201 25354 15121 35547 14951 3723 46419 25514 24037 95318 47109
7841 19
53855 51679 13603 47100 18316 24318 59880 91832 29602 29245 38953 73346 48987 34294 17413 32406 72893 40280 92195
4138 19
7028 92204 45568 17444 74424 68663 55497 97831 57207 16048 41421 45495 34073 96595 37046 67693 59332 57000 6958
8981 10
73258 36381 15079 52999 53912 87611 11981 89217 68881 92873
6478 16
84522 398 61517 10545 51347 85493 73002 55864 78836 2731 58053 78667 54687 64471 49415 67167
8658 11
50707 73803 63127 24502 99466 13006 19925 25443 6684 26718 21145
2824 13
55254 97295 55607 72587 97960 52131 7772 46614 14508 10632 59793 87607 91273
7533 18
22825 20309 49380 50358 12511 37097 32632 46742 54296 52024 95154 70435 43745 69426 43403 61163 87845 45926
9795 19
82816 40005 63213 20885 76529 21612 27957 51869 21198 17117 43506 66744 91990 41804 76716 34002 47305 20434 65418
2889 20
86082 8955 79339 44160 89871 17271 51893 4231 39403 93968 12209 18824 1007 8516 33674 38422 53048 81361 57954 94725
7243 16
30369 27950 76394 57434 83823 91025 50394 11852 60513 77263 24818 43122 36003 42008 41457 50324
4368 15
18385 89210 11473 23011 1100 39257 53191 72114 34417 93863 11897 41697 91125 61075 10937
2973 17
34945 69762 98433 33853 14497 14362 37616 34494 48717 25017 78862 12163 33642 18578 27393 61101 75883
7669 19
3891 86859 75219 87550 1874 17776 3415 33805 67918 81457 24440 37324 52435 17927 30222 2149 74602 11788 70428
8425 14
87774 51261 77331 53213 908 20376 93780 56705 57872 64533 41110 29713 10636 27870
9013 19
64716 79910 88859 28809 63012 23750 45327 41657 52400 75957 97195 33431 73728 64041 46927 56551 49605 47364 92583
2677 12
52583 12049 11217 14102 39458 59551 42113 58786 32573 36378 72540 42127
2574 14
34959 57463 7911 51833 607 6313 45120 66776 45217 45289 80629 28642 40857 81954
9616 11
86840 1692 17570 99815 1364 75156 7556 16417 41559 78190 26504
5337 18
35646 73977 34927 64465 76649 672 64741 78638 44852 25542 89207 91595 62762 39789 85424 21581 83241 24497
2446 13
7088 9049 9331 16604 665 57737 30018 16820 72180 56570 31139 91203 50706
2380 10
11146 42369 29106 12664 65802 90457 11550 83028 6118 75099
3955 15
87897 21941 21980 96437 76480 13169 48803 88248 62354 77965 63838 9607 38251 20670 48400
5311 19
88308 47594 27 73422 85283 52285 82953 37385 75001 71301 41168 81510 56186 66267 5980 26765 40337 31674 76763
1525 20
27961 60421 53366 68314 24060 42323 16791 93090 56296 88997 91112 59789 73558 22667 9352 62072 84745 94367 95293 9687
3423 15
76678 33003 62122 39312 39192 82192 48157 27132 88752 58117 26412 25385 4815 75475 84195
7588 14
13340 69406 85330 21726 92177 99026 99210 91954 86414 76625 12516 31641 96929 77317
7822 13
68283 74828 20701 66124 77976 550 51399 48849 70296 15773 45966 75535 86967
2087 11
82331 20164 36380 48039 84909 27004 27175 14884 16647 31605 34161
1760 9
5901 39132 49620 14830 22422 40929 58487 46805 28953
7259 15
28997 72463 70983 5724 14752 76191 32807 65832 25195 44513 28395 76989 40686 40291 28376
4706 15
98703 96504 63959 91862 30310 6922 65948 29426 48121 27854 52491 61660 32615 93928 9962
5173 15
38361 24828 48565 99749 45825 12320 46987 38728 72990 24304 28708 86399 55724 78571 32962
8070 14
2615 39913 9028 66976 81476 14443 56742 59182 93400 96632 45026 28071 52774 29981
4506 13
46480 38358 68459 32001 63107 98349 69560 48250 39993 7121 5368 88297 9268
7260 10
88076 72479 67454 44236 64404 79268 28791 37186 28277 62922
2127 19
82650 99260 101 58409 24264 32759 76325 26695 53221 61867 29851 64279 99788 35682 37197 56781 93557 51072 15442
3147 19
95666 38394 99293 44216 53785 68113 10737 33718 58389 16008 2318 95372 65986 86080 19203 86918 49251 66151 13856
3153 14
44700 19664 12453 25904 86269 87964 27340 97369 18887 62841 69678 22500 29753 98432
4509 10
83217 73001 6341 71811 50580 50063 88147 1256 5678 95328
4835 15
99957 90981 60749 95528 68754 77233 25544 67059 92980 83536 75037 52862 27540 58591 24054
9480 16
80537 74009 37602 42351 15794 54988 62468 24088 50598 89930 58791 12866 14023 7050 74313 7150
3817 18
84587 27449 37798 84939 20117 12370 88142 35154 1970 59532 76056 23889 99112 88456 97393 99407 554 99990
6338 18
99700 12190 60792 87196 95615 14542 90076 24605 84191 50679 68607 73241 28228 45550 97460 85867 3993 87956
3499 19
59050 92334 91827 52685 74395 83485 92429 75149 9251 66315 42532 81902 75643 35971 40072 58211 1124 28102 24300
1425 10
68541 41816 74273 90989 55771 82434 44715 74693 71125 61665
8050 16
68239 93694 18693 42059 37194 39647 70363 63540 12728 813 24179 36105 88971 63265 3975 78373
645 13
84181 55001 98599 29121 18510 6448 19778 41048 3243 26267 47155 34872 35601
5888 12
99563 94808 27297 98551 60794 82769 37781 79012 86405 363 70538 9853
973 15
91042 56535 18062 83999 67173 94639 50798 61097 92793 46139 6862 60779 92156 34780 64268
2810 14
36956 88796 45996 89705 31727 96518 6405 87619 20616 97101 19061 51528 19048 22565
2540 16
99683 89034 31212 4729 5507 39125 84851 73872 94656 65705 55414 41233 86368 7864 91855 37287
2882 11
16292 6626 34082 78934 24478 34255 48828 54090 83698 130 65860
3439 18
64887 62989 42178 39392 31612 20458 47501 64213 43263 38761 47302 55859 82258 10234 86189 75470 50004 91591
6464 18
78557 73781 58880 71231 73743 49221 42483 37271 70117 7568 84763 66338 51166 88610 42093 7421 8972 19163
2293 14
98604 92725 43317 56425 8227 61028 34447 73439 89524 45466 9744 66863 61567 88376
8820 16
54800 36960 46175 82017 36738 73058 16630 18743 11191 89898 96175 42922 43439 13073 14392 48105
8893 10
17105 66601 1543 53488 38000 90842 41848 40824 94973 3751
7055 20
81023 85440 46837 47588 68734 98464 64873 26688 14473 72689 54449 71061 27108 52199 87519 64470 49137 26465 90516 28931
2161 13
85231 60933 8541 77726 35535 42313 79403 33316 54735 11177 27813 90603 29731
962 18
60472 54311 90022 68589 65995 69990 80245 17240 26091 76050 68262 6991 51 39128 32548 42600 65457 11387
873 19
99080 52468 26751 7037 40448 74897 70023 82000 35992 69268 58891 20673 55579 75970 92375 74841 72629 79035 18274
643 16
80377 23442 87427 71602 65144 55374 62582 28243 99460 16021 4375 39678 84711 1126 8537 36961
7791 18
23942 27113 54133 35109 83007 41427 75810 87331 49959 81321 87958 48237 26638 84014 32187 91641 81874 93181
7398 19
71296 59223 66114 18750 39781 53453 1439 41257 42631 74803 24894 61562 30072 20413 43433 22270 26487 590 88162
6165 18
44857 4728 455 56194 94504 42938 40650 57708 88416 4143 98979 77338 13998 15210 3006 7044 68319 18391
5551 20
2017 82686 16393 42531 49872 40140 25876 2528 46752 53504 96884 2612 12935 42489 29773 99068 69726 35382 61909 30948
2235 18
18597 56327 65586 81026 75038 95174 47269 39343 91372 60651 71171 90978 94805 19971 4980 34107 31664 24426
248 17
84520 45880 42673 9102 63932 7283 42868 33656 4364 21590 71460 10590 14983 41047 41711 31765 99836
2110 14
24868 61289 1347 39568 34012 21009 59501 33033 89707 86964 76856 26358 51188 91268
3844 20
22443 73669 86247 81936 77980 77212 16535 47994 27198 57808 48097 45800 99259 63905 74506 29882 56014 28254 9553 23640
9294 20
42080 72711 16973 96726 23597 68640 97076 42870 89243 7009 57516 37909 747 37479 48181 54341 59429 87581 33522 57295
7645 15
54916 5565 16202 10327 80297 74489 11713 51951 98631 91775 7549 33181 49720 38206 28757
2833 14
32558 80399 82015 24584 67056 79051 1131 76175 31750 51463 20834 47090 34463 68030
8894 17
54116 52953 82694 84840 40504 87577 91041 23007 87940 61317 12907 46433 70568 24902 21436 84706 81800
7060 18
93846 27679 36746 1094 43941 55985 13396 83866 24093 7246 77052 87369 28890 24698 75704 91064 19290 60798
1415 11
36581 60818 86353 12331 77295 67311 89423 83073 35560 11057 18746
6772 13
95671 19919 86445 24112 75938 62509 23500 45113 88834 90050 95512 46842 68161
3454 19
61351 98346 52330 32422 4898 19304 7321 79703 31384 65309 65984 65362 84783 19732 34871 9148 65778 55062 68136
257 10
40565 7848 48541 30468 23752 43841 35009 50651 88115 10011
5869 18
84992 54390 59403 45920 37696 18265 72179 47200 78797 75846 45573 38684 77755 7472 81444 85130 30653 58798
2013 18
92691 53835 31217 65444 23008 25257 71968 64823 44499 51428 16225 51244 95549 58155 22440 9792 64668 41015
2928 15
97630 84448 67282 16309 16159 18109 12157 57257 31414 82132 50115 47749 63149 77931 83392
2802 20
50397 23499 96771 9668 8801 45811 22263 32041 24226 16711 84309 99840 82962 35866 99134 36731 50305 12886 25769 72496
525 17
94441 92659 33689 6186 87052 36685 25909 64999 54681 25874 50718 62853 88009 55125 27442 62749 84806
2565 14
67723 13699 60170 1357 31243 98444 90677 53394 60023 92265 98761 1581 45078 77450
2211 9
66300 58293 9819 50477 67190 2843 61999 85137 82406
2830 20
73779 43765 27169 2816 85802 50999 24754 93477 11521 52506 81508 66058 69904 17347 2023 22923 62515 74125 3571 65030
3033 12
84047 20558 36925 73438 81370 69650 79157 58939 14044 30662 56307 85925
5695 14
74870 84961 62670 79721 62794 18147 97966 95640 44162 53145 99533 17485 29776 97536
5327 18
42237 88264 63407 51877 99218 83701 77762 27648 28744 45937 9908 90862 94202 12826 71382 82095 70315 10520
283 15
34533 97389 53977 20758 89784 37540 66568 17747 17523 97229 48462 80348 2751 69277 42973
4922 15
96621 49962 98603 83201 62477 81163 80257 80026 25913 93774 34812 55496 18904 93787 60538
3964 13
73342 99156 33707 58366 7422 49256 15355 52930 90394 62140 9299 41049 93435
5627 16
49087 54913 67216 14740 29651 66972 18057 38 60018 56550 78104 35778 86439 13947 71406 8864
1269 13
88351 83339 43551 83487 16327 69219 42034 65460 21019 84144 65737 31493 7718
503 19
97855 85287 16134 89481 93094 49999 46751 37329 84747 93464 36628 48761 4800 59765 97641 88756 11663 68970 79900
5714 18
97934 46901 71169 35373 72671 4350 83822 73113 40348 40978 14848 46047 26130 6833 99531 97920 34256 55478
4606 11
34227 44605 93551 45877 24020 57936 40242 93740 20684 78370 59143
1538 11
89539 52573 41813 68919 18017 28339 47429 42143 58325 26690 65580
1456 16
47366 85686 16986 98342 85133 67018 16266 14939 4361 47831 65834 32097 47245 93384 82125 58663
7922 17
71172 50517 28021 44733 97664 40713 55821 60934 53090 98409 68941 59814 66895 93038 27402 87544 30135
496 18
94645 14466 89358 79463 8146 73599 49799 14609 87481 66271 57285 86665 31516 32069 49433 97146 46241 96814
9101 19
6785 64819 86821 19066 58552 77147 37049 50232 82354 48757 81259 29575 21606 68857 10730 75021 45693 53852 72384
1822 18
71787 9679 33899 63915 90832 96257 93651 8879 28946 36618 8912 30570 34296 51699 80078 31882 11963 21300
3099 20
98898 33907 540 70860 23576 89187 61304 70395 13117 95897 80302 73481 24562 67095 45758 75284 91092 11896 70504 19156
9095 13
75822 3621 72812 18313 37934 86290 12473 93109 49484 17192 86613 92928 20395
614 19
65509 62961 42541 76147 21779 78066 30003 98020 81366 87859 13595 60189 7706 5580 92321 15076 32824 55122 6089
3130 18
88641 23567 56914 26726 74193 74557 21113 79652 92289 51923 61595 31519 1414 82904 71423 16468 33482 59713
26 11
18513 31193 57812 28825 89591 36834 79353 55793 38644 21296 33647
3554 17
48778 80035 27403 65033 56799 51857 36893 46872 54720 8696 32272 10731 43252 24023 90655 75586 3002
3258 15
30095 45434 57657 54329 95274 99284 71469 63097 12543 48024 4559 32506 29180 77319 40100
1041 11
54408 14469 94426 73870 10289 57473 18919 93566 76719 39044 80354
9159 11
45343 56203 16316 93031 15264 66222 68972 70763 1182 86217 93373
5097 15
99934 78906 44628 77137 61972 71511 79915 1141 93115 96530 22486 60295 20396 95489 68596
4630 20
91356 7100 57171 43959 69243 368 84719 84525 66660 28823 79817 94786 7177 82768 29479 48216 47610 72945 54033 67946
7021 15
8126 69638 66024 19902 71524 34954 71094 39880 84776 65056 14586 93967 58903 78444 86633
7438 17
92491 76815 1137 35463 42865 51686 50938 85581 86426 68645 74677 82920 7093 59314 89848 39760 60101
2874 13
92521 63547 94493 26837 13125 94773 7709 19782 6948 66737 92999 80907 87883
694 11
58055 57748 50489 56320 42094 55401 49859 62376 44731 76704 2487
8582 14
95124 26310 31680 60342 49047 36499 73331 83989 41460 90971 78272 56004 91550 36362
6927 17
20955 99067 39153 7163 97377 67157 81958 93604 62601 28473 69966 81314 59811 32480 35699 84406 1595
5634 9
32468 50298 60989 63947 43723 61670 95198 83678 13400
5739 15
35065 38687 76042 60333 73878 2952 74719 78513 22393 94962 22633 79845 47954 69254 96004
1962 19
37278 84765 44428 96281 62671 2502 30483 73818 58664 29826 89879 68175 82765 51671 10878 78135 69742 96098 73637
8665 16
38066 37733 41039 39045 23743 77940 11950 86722 87357 14354 41158 45781 52747 70889 19430 28944
3995 18
98541 26424 24720 41186 66268 9532 17806 77398 50498 26309 89267 83365 15730 11629 88766 84043 50262 86451
6284 17
72451 98961 62444 59382 25619 37200 82556 32286 25517 37638 59749 50351 29167 14095 98337 13003 9307
2567 15
36475 71812 96810 20741 47761 8448 15997 18612 17752 63381 48742 72348 30691 72801 96368
4962 18
6150 53534 55948 19720 64059 8233 71608 80056 57831 36225 50403 96407 64131 25585 25199 5443 75655 8282
898 13
44004 87084 10594 40281 47679 54993 6378 45134 49152 50069 95744 68644 33614
5147 16
22453 7494 53547 25915 72544 76297 35705 62803 44093 3587 11510 88450 98183 5397 4505 72695
8869 14
50700 62772 27848 25250 9550 52124 53509 38328 82758 61039 49369 87161 13964 36087
7849 17
98388 54789 36985 54824 35641 22282 32800 8379 61264 13840 22266 3736 32308 25389 60223 23937 30624
5379 14
2764 75619 89115 81143 88736 23465 94105 76487 64056 31790 7914 44426 64738 53520
2720 12
57253 73411 68904 26241 79106 91611 45618 1614 73639 93769 90752 65909
7601 13
70028 60839 51149 9712 30420 46716 48744 44649 16892 31394 4908 83421 89117
5202 17
18250 60356 31782 86155 19273 21096 65496 84690 58369 62898 97824 34541 87187 84619 58381 70761 15311
6313 12
93797 31659 43265 78987 82829 28797 67578 11942 40845 71033 55835 87162
2133 18
79336 39173 69866 84982 7945 72393 59925 75835 39353 31861 68269 7723 17531 83293 51902 18093 74358 33028
3771 14
25515 37818 50067 29084 52795 91814 76040 88728 61793 82940 890 36790 17287 84474
1608 10
79704 12726 47564 86287 14835 52406 88903 22913 26173 78176
1343 11
98410 53305 22623 81727 9254 40840 29805 84888 56042 75958 63242
4987 14
97016 98236 77044 19561 82912 24986 83561 76805 41791 85808 10586 92545 21565 55427
7661 13
49326 70379 84403 84057 35896 89991 44992 92290 68801 44281 61721 45542 9357
6751 13
12447 92329 82752 53100 53945 6353 9499 3186 84948 97696 57764 78367 46146
993 18
37640 5913 15551 93522 98506 73163 73605 65658 98571 82869 96099 1939 76936 61584 62743 3923 81791 83276
6203 19
69262 42262 82200 46185 13548 13131 38825 77401 94572 29643 816 49265 34475 97251 858 63104 95464 28955 75476
2995 18
21413 74081 1247 34544 52146 43436 9318 19261 18246 57138 63121 30202 52134 19577 30414 5441 84242 5274
4072 13
49199 82737 24964 45975 79313 66899 20136 40813 72640 79547 20232 68899 27998
1137 15
94733 49198 52467 23843 73122 32799 15617 53183 49964 181 41013 38498 89486 75813 86110
9089 16
96450 27720 63990 69315 74289 54396 61054 67033 450 56477 20893 26061 69517 34557 43354 31446
6017 18
47062 81823 80407 27909 76518 24947 46107 23138 13927 76080 90235 97607 96869 90217 99079 44017 36596 99549
3678 17
10529 79816 7032 74726 76329 59509 21110 78677 47403 62688 61464 29646 85429 82683 89351 63738 53732
896 16
10622 51615 84771 65633 55381 17942 32544 31190 43258 23617 91672 27111 56854 95797 72230 11746
5585 18
52702 21281 96805 22256 21611 3807 88662 74742 19380 32575 7655 48826 54001 8062 47944 72826 7109 82005
3927 13
92742 30855 15107 49528 45296 99775 55217 28207 77232 20930 52023 68664 84654
1615 14
72081 8743 48943 41562 16979 2573 98400 2039 79922 81152 79395 41881 50652 83953
1606 16
22806 70198 14572 16695 443 89988 82204 70712 74681 81083 60313 73298 5223 92791 81745 95307
8098 11
20487 52912 86941 35499 83543 6241 32178 48510 45918 7982 98316
1897 17
79361 67223 51065 52350 98006 47795 4982 57867 23838 76005 78574 67570 92617 60073 82089 1907 86609
6355 15
97645 33872 70258 20133 84084 65387 94618 50907 17030 62766 56480 31177 44783 10185 91485
1480 16
95726 87184 69060 75251 33773 5011 66323 61440 16100 42530 52105 67359 71001 71470 80000 46807
976 19
25452 69105 89648 84913 20915 2565 61575 79713 78129 70061 27399 92649 96395 40726 7768 3121 3485 61758 84408
1557 17
3194 79620 23157 2858 11168 5566 64895 5543 85028 49134 8127 13668 60485 657 24504 69284 23294
4498 16
7132 64072 93709 55528 68430 39968 68350 54017 55725 61790 69116 49324 9013 56630 97018 29571
934 17
26019 93796 19007 52653 32138 13233 12027 85234 18030 44376 86128 68630 30588 41264 55116 66501 65599
9609 16
73674 44164 41868 8162 28488 57058 32920 77805 60409 33804 78960 41899 23331 12285 87569 6423
209 15
60658 75416 38726 54832 89752 19526 36786 9672 47957 52117 91281 21104 19323 82894 38465
7506 12
38236 50423 57125 75419 8129 59395 53271 86524 64897 97004 70054 13059
3348 11
63599 77328 57107 9275 41564 51194 49724 49254 36089 23166 47454
9517 13
97001 52964 64422 61144 51558 91100 76115 97254 88018 25943 36928 41155 65632
4876 19
48332 42795 54352 24508 78031 76611 51421 33832 63212 92863 7054 76000 44592 95125 17813 14582 68724 85518 10473
2992 18
60307 10896 61417 11357 3561 72952 16692 23535 83804 5446 25118 13816 60782 64644 89410 43192 88976 93737
7309 17
3127 4824 96155 75669 81415 23223 96211 55667 9204 97897 52877 96743 41459 92775 8224 78598 42356
8036 16
33652 56936 99984 31787 23125 90167 81893 98639 10156 47147 80737 23732 29718 14764 75018 71590
7104 16
6640 86511 88759 92978 52594 14464 11303 87687 54403 2984 50761 80549 31313 13281 61556 71194
5057 17
98302 35107 26128 52320 92737 91836 37004 20724 27485 37723 10394 30101 56288 69573 56493 54671 27927
7065 17
18644 57805 60036 21735 34512 92046 8563 52224 85322 32499 6659 41931 1172 84120 39772 85978 49283
3012 14
27462 93190 92255 64601 54009 90859 74061 81325 34670 52677 39934 45889 90197 20361
169 16
24116 11989 89528 16510 69006 82712 83015 79875 6516 64322 88125 80122 98095 41858 25353 34351
6812 9
90278 62279 5679 46460 69107 5521 44056 49311 54536
6215 16
17113 4949 29973 23386 11421 16553 94148 52762 4744 24129 14576 56408 67089 94517 45216 96662
4275 20
46631 60857 63686 80892 86342 47970 99148 21220 70417 71821 2809 4338 32042 39744 95189 86091 80800 93416 98905 92110
2202 14
37238 58313 61811 10695 59895 32170 83847 47233 34272 78099 41996 70179 69631 3811
5406 14
93814 25789 97168 12140 44368 70293 39729 34486 85297 98434 94562 90474 87647 63332
6119 17
27452 28195 7687 43870 65588 95809 6798 15436 6827 854 39713 87143 14761 63470 861 70806 25095
6268 13
90230 35930 92056 98722 32998 20011 60922 43199 96928 21045 22287 3217 44905
1473 10
43090 164 65158 66349 85313 80686 38021 90268 27947 86794
3685 16
35828 90243 90219 24364 91403 68151 62013 17314 14531 6348 56597 49267 21399 54750 39109 98992
7044 19
68706 5434 32077 19378 7181 3822 35737 95244 31924 97215 80696 74382 64793 90484 31676 2768 40101 47887 28427
2867 9
27941 39822 59948 57575 22326 98640 76808 12572 56321
5889 13
52847 67023 24905 60145 46453 50516 53887 25503 53753 196 92496 21957 56880
4241 18
65406 22983 57750 63342 28901 11817 80956 62174 87208 32512 94093 64581 69432 23074 72229 5812 16678 66206
9301 17
44395 30646 19387 96527 9113 70067 50307 27443 21790 13415 73908 19744 51567 49583 70097 3302 43975
4239 18
83856 72788 8835 72470 11778 27459 54302 73663 64173 30504 14163 65491 82755 96547 56899 38862 41561 66500
8903 19
41038 78859 97455 2106 57343 23782 25647 68033 15826 34201 36675 85260 72762 57029 99759 89694 97548 32021 27919
7408 12
17309 7268 63356 29267 83295 86432 30840 86814 55750 52255 90957 62906
3437 10
33324 34182 77581 68876 28689 60974 40649 4850 27826 95139
1723 14
78751 34302 40419 93635 73071 78358 74243 8285 12887 87936 33651 33745 95946 70344
9182 19
58359 90879 44973 30453 93808 70878 31401 74689 85098 37440 70696 53019 95891 83200 90723 69375 22630 52385 58196
3281 12
74446 25349 57830 72335 34566 61555 87524 32534 62089 31111 51293 64347
3331 11
69768 65361 96228 33693 10894 82845 37966 22790 34050 13829 87848
3940 15
86701 95469 46368 21728 93821 58153 81194 49524 31355 99161 82599 37621 30845 13590 94706
9060 18
17460 91847 85768 78524 75184 15588 58438 32288 49125 82115 73534 30539 2832 39421 28418 47744 3631 21954
370 16
94177 63098 12080 99380 66522 48966 18799 21353 32684 68900 96575 29325 46210 72080 60985 32555
4221 15
87891 95874 61515 77882 99605 76154 48635 4530 42605 50643 64099 68822 83644 25521 75471
6633 19
3560 97717 48990 66888 63971 78792 27148 23120 50672 7343 13722 4861 71810 24522 12603 38820 91131 46796 69673
7050 19
53270 13613 34199 40683 37230 11958 63853 85014 79055 21397 54619 37315 66657 45019 57452 39815 41269 35575 6540
2032 15
37577 13151 26930 65662 30203 4790 38220 98878 13168 38720 45084 91965 24656 22799 74328
4847 14
43682 86820 85766 16173 11089 15764 39814 43770 18218 28196 2851 49101 78893 81475
4301 17
84503 16744 50425 41210 47977 32504 37532 60129 7266 28432 47385 14214 71981 73542 73352 46643 58402
8432 18
5489 93899 84831 2981 38700 21028 66072 30883 85760 48044 23004 23122 57386 98897 31249 29205 8169 87991
5438 13
94553 87397 98 68452 13272 12924 41381 44812 6373 76256 49632 60056 527
9651 13
68410 91813 92559 3423 61051 61987 71824 51900 70422 80924 83553 86310 98824
5239 20
96215 93034 98401 60165 84253 40472 78457 72887 31060 60645 77807 77922 48604 77815 85295 32705 84030 20909 84346 99630
7492 18
80355 37917 3106 75856 94452 5958 36600 95147 59222 3343 6564 47924 80328 8586 55292 56726 46627 74579
9843 16
94432 85363 92340 29179 37139 3180 79047 61546 48788 72220 98959 99251 8446 38990 13038 98945
374 11
2878 82797 55006 34577 60602 13838 81160 87305 29707 19292 56996
