160
2 28 35
2 93 97
2 190 196
2 197 252
2 286 333
2 369 420
2 423 441
2 12 33
2 47 165
2 300 326
2 482 1
2 14 21
2 299 315
2 306 322
2 330 421
2 17 86
2 154 189
2 212 334
2 352 358
3 256 279 454
2 492 11
2 266 301
3 7 414 64
3 170 182 213
3 443 462 0
2 410 484
3 38 48 52
2 155 166
2 495 108
3 221 261 264
3 350 371 376
4 72 73 120 141
3 337 111 113
3 452 475 486
4 156 158 319 210
4 234 298 310 463
3 451 5 19
4 15 20 34 175
4 231 236 240 249
4 258 271 273 320
4 324 356 385 387
4 360 367 396 405
4 439 445 455 8
4 473 498 499 18
4 329 434 448 147
3 433 3 6
4 90 91 99 121
4 193 199 208 219
3 187 277 292
4 139 149 159 162
3 288 311 409
3 419 430 23
4 60 61 181 10
4 263 276 278 283
4 13 24 31 55
4 336 348 351 353
4 65 71 89 105
4 117 123 163 180
4 177 188 192 201
4 230 235 242 268
3 225 294 302
4 384 388 392 394
4 403 407 412 437
4 345 362 364 375
3 328 391 397
4 400 422 424 429
4 203 214 218 399
4 16 22 25 26
4 40 41 45 46
3 472 474 497
2 449 459
4 427 431 467 27
4 36 56 59 70
4 109 114 115 119
4 92 95 100 104
3 81 101 106
4 78 79 80 107
4 112 116 124 129
4 438 442 29 32
4 198 200 204 217
3 69 76 128
4 186 207 226 233
4 237 244 245 247
4 269 274 280 284
4 282 285 289 304
4 295 307 325 332
3 164 172 174
4 195 251 254 259
3 339 347 359
4 365 372 373 379
4 377 378 395 401
4 444 447 44 50
3 363 390 411
4 460 461 468 490
4 54 66 132 136
3 160 185 267
4 152 153 341 361
2 453 494
4 138 144 148 151
4 425 432 450 4
4 446 2 9 30
4 37 39 42 49
4 43 51 57 62
4 53 63 67 74
4 58 68 77 85
4 75 83 87 88
4 82 84 94 98
4 96 102 103 118
4 110 122 125 126
3 127 130 133
3 131 134 137
3 135 140 142
3 143 145 146
3 150 157 161
3 167 168 169
3 171 173 176
3 178 179 183
3 184 191 202
3 194 206 215
3 205 209 216
3 211 220 222
3 223 224 228
3 227 229 232
3 238 239 241
3 243 246 248
3 250 253 255
3 257 260 265
3 262 270 272
3 275 287 290
3 281 291 293
3 296 297 303
3 305 308 313
3 309 314 316
3 312 317 321
3 318 323 327
3 331 335 338
3 340 342 343
3 344 349 355
3 346 357 366
3 354 368 370
3 374 380 381
3 382 383 386
3 389 393 398
3 402 404 406
3 408 413 416
3 415 418 426
2 417 428
2 435 436
2 440 456
2 457 458
2 464 465
2 466 469
2 470 471
2 476 477
2 478 479
2 480 481
2 483 485
2 487 488
2 489 491
2 493 496
