1628
4 5357 5121 8148 6404
4 421 5913 2589 6255
4 5583 8785 6584 3629
4 9906 7710 5231 7529
4 1737 3987 8197 9487
4 2094 4386 6735 8754
4 5796 1756 998 2584
4 2395 2861 6312 59
4 6655 7923 8873 7569
4 7704 7444 6632 7262
4 5515 9612 8452 7796
4 2489 398 8407 5905
4 1729 9004 820 1248
4 6459 604 7064 7549
4 4848 8733 8189 6839
4 5886 8437 9354 8603
4 9529 4449 4233 3626
4 9213 4318 5744 1287
4 1524 8479 4574 9483
4 4100 9620 7108 3904
4 6823 5416 2545 9383
4 6476 1396 847 4041
4 4004 9131 5427 4644
4 3697 973 7792 9247
4 370 2061 4631 9618
4 3015 2155 4863 453
4 6668 7168 44 2687
4 3135 2222 2843 8284
4 1492 5363 2752 5570
4 2117 7100 8775 8287
4 1561 3505 4036 1385
4 461 1423 3273 7936
4 9765 3295 674 5616
4 2932 6640 3715 8591
4 8004 8854 666 9813
4 2345 5918 2096 2935
4 6639 5090 1556 2331
4 3420 5251 4695 1114
4 6762 2598 6196 948
4 3825 1081 8384 6756
4 1677 9959 5001 1388
4 4147 8689 5592 5526
4 8119 3942 864 4473
4 7525 4106 6613 9888
4 9818 5989 8585 2246
4 683 8911 7515 7577
4 8320 5083 3149 8240
4 9128 7369 132 2819
4 4194 5052 936 7819
4 5211 2968 7863 3484
4 2459 4670 8777 8814
4 962 2723 7939 7950
4 876 8837 8991 8636
4 7368 110 8641 752
4 9256 371 7208 7101
4 3457 2728 7290 4808
4 8392 3176 684 7259
4 2196 2212 9267 5791
4 281 63 2064 2499
4 6240 5602 2548 5651
4 9614 714 1491 4916
4 4090 9019 1101 1071
4 2475 3656 1013 839
4 9894 3678 1004 3024
4 7834 4405 3765 5048
4 7945 6170 4685 7937
4 7198 5945 8152 2124
4 4961 1115 6677 3302
4 9965 3272 3647 7135
4 1233 9986 3795 384
4 4579 5042 2008 854
4 7104 2070 1707 7201
4 2141 6782 9295 2080
4 7927 4702 4430 5773
4 1734 5101 8639 5046
4 6495 1164 336 8058
4 2115 4788 443 1146
4 1214 5214 4957 6381
4 7540 7961 3499 7825
4 2558 6702 8063 2922
4 4917 7409 4964 9568
4 7896 4886 5653 976
4 1341 7202 5295 8612
4 49 4983 3792 4509
4 9307 3463 82 7595
4 1830 7313 2964 5772
4 6176 818 7757 5982
4 6107 5713 3096 7136
4 3047 3940 2228 3228
4 4874 6252 4135 3896
4 3607 2727 5310 9305
4 2274 8485 8338 3293
4 1353 1851 3309 9433
4 636 6168 887 7305
4 3566 1210 4406 4925
4 8608 7543 1988 9866
4 4322 6550 9129 1203
4 4240 8322 1671 6935
4 71 7516 1812 8745
4 7551 5625 4940 4141
4 1955 7145 2456 7
4 9795 7326 5383 1450
4 9527 4185 4131 5219
4 8116 1322 594 47
4 3437 3114 4167 8465
4 7579 9552 1094 1742
4 8851 4637 3042 1934
4 2259 7359 9690 9
4 4235 9539 766 1713
4 3142 7583 4655 7231
4 5006 2686 727 8803
4 5652 532 5494 3686
4 5873 4074 1895 4475
4 4561 9525 1050 4657
4 2962 3072 6129 7715
4 9263 2481 8387 9235
4 3844 8553 723 4374
4 4847 4112 6957 3196
4 7083 7447 2759 1946
4 3357 2736 954 2293
4 8250 4102 9917 62
4 9532 2982 7196 7032
4 7088 8332 7308 2726
4 8736 9196 3519 3337
4 8375 859 213 9946
4 7648 4320 6611 2045
4 8010 5163 6882 9106
4 1591 1724 1568 1418
4 9063 6547 2652 3689
4 4076 5777 8644 8767
4 8193 2060 850 2544
4 7725 5904 3170 9966
4 4619 2342 4912 9119
4 6178 992 2340 4638
4 4402 3155 2642 4490
4 5172 3672 5686 5729
4 4995 6558 3757 2749
4 1433 9747 2085 9576
4 1621 586 3542 7494
4 3648 9344 6534 3775
4 120 201 8601 2628
4 8626 6038 7851 2828
4 3781 7451 4139 8397
4 6913 3257 7643 5931
4 8478 6571 1763 7464
4 774 6567 4550 328
4 8138 403 7148 7814
4 5156 2323 2870 3889
4 7545 8186 3475 9275
4 3593 4150 2308 8997
4 9542 6134 3112 7862
4 2862 676 4058 9151
4 9302 18 4244 4959
4 3376 2795 8865 1383
4 6537 6927 9559 2036
4 2300 58 8233 5081
4 9713 7079 8187 4480
4 6467 2814 4044 8267
4 4390 5366 3840 8115
4 2213 8242 9528 1711
4 9900 3869 8259 8849
4 7316 6171 5845 1160
4 3451 8506 7673 1049
4 3708 2123 446 7703
4 7166 5609 9243 3583
4 6147 8616 2160 7445
4 3842 2305 2267 8079
4 778 9320 1839 11
4 9873 245 2243 3526
4 1936 2313 9605 8167
4 8094 5540 3126 654
4 1136 1509 4284 1552
4 8101 3913 5096 333
4 4837 6359 8430 9921
4 2023 5854 7267 6050
4 6123 2985 7944 8286
4 5359 7953 687 6300
4 9514 3950 6580 373
4 5324 7385 2944 9374
4 5136 8509 6777 2282
4 7726 2920 4498 6842
4 8036 7466 4551 1231
4 7008 706 3745 4902
4 3106 7522 8367 3618
4 5209 1767 1845 8348
4 2535 9784 3899 177
4 6481 9289 3253 2817
4 3632 2203 9340 65
4 2674 5665 463 8701
4 1427 4690 7026 6989
4 7922 2994 9732 7700
4 9856 6060 8563 6985
4 9283 5600 7756 7920
4 2718 9722 6638 5919
4 9942 2941 1996 3083
4 3002 8026 8047 8346
4 593 8721 4516 9691
4 5622 780 1359 7212
4 4151 4965 8834 7050
4 9111 1096 2572 6329
4 8697 9649 3229 9778
4 6582 6313 4951 9366
4 1817 1357 7209 717
4 9252 8253 2802 4137
4 2619 745 1372 522
4 1085 2364 9443 103
4 5962 8839 565 3485
4 2571 2009 1336 6477
4 9779 4582 6363 1861
4 6316 6426 67 3368
4 3356 4352 251 6602
4 8477 4351 5891 9123
4 2112 709 2647 8811
4 9751 2351 6 1976
4 5909 2905 3089 9154
4 3443 1340 4259 2536
4 9365 7671 171 7981
4 8199 6994 9325 5492
4 7119 257 7330 1510
4 5793 7629 6415 8614
4 645 8751 9585 2162
4 9124 214 2095 1202
4 4884 3496 60 3379
4 332 5593 9629 2957
4 1787 7489 7911 5544
4 4134 9546 1344 4357
4 9806 1701 3308 5239
4 4477 8947 877 8923
4 4293 4867 9968 4557
4 3214 3062 6666 9974
4 9363 8835 1740 4222
4 8501 8163 5244 1717
4 1820 188 5330 9511
4 8200 750 8779 6914
4 1001 6297 7057 1800
4 9930 8529 1505 5149
4 5236 5518 4727 7391
4 8003 6956 5733 6342
4 1975 2776 5332 3750
4 7934 7613 4711 7677
4 5991 321 8658 4977
4 8651 1364 1564 9166
4 1351 296 9545 4572
4 924 1883 1249 3730
4 2575 7439 7415 7344
4 8431 4696 9962 7647
4 6188 7153 5758 1965
4 4331 9419 1522 8915
4 8040 1747 8990 7210
4 5970 9426 8168 5529
4 2245 4161 9550 8449
4 3120 1743 3579 1714
4 791 5131 3473 5808
4 7699 5683 2509 767
4 4415 5028 1061 9341
4 4717 8579 7972 2573
4 8056 2043 5728 8418
4 5488 6738 9271 9397
4 5835 6616 2265 7824
4 3655 6627 96 3087
4 5074 902 3830 55
4 6042 8866 773 631
4 7250 6419 301 9569
4 6273 1200 797 7524
4 1673 3845 264 4870
4 8548 6144 8470 9626
4 1523 197 3306 2809
4 2952 3223 5155 1636
4 8607 1889 8625 3834
4 5720 3167 6742 6410
4 9566 6336 9853 8487
4 385 6309 8132 6377
4 1178 9797 8659 3137
4 1508 6226 407 9572
4 5553 7748 7436 3905
4 8702 2089 1810 5864
4 2055 9048 5610 4649
4 4960 7567 8183 9250
4 3978 7155 4079 3673
4 4367 6192 4524 9718
4 5375 1948 2612 4600
4 1476 730 278 4043
4 3557 3271 3001 8671
4 2486 9689 9265 6769
4 3870 875 6384 1998
4 3791 8940 6058 1228
4 9952 5308 9843 1912
4 4861 283 6198 1429
4 4200 2353 9871 7302
4 8707 9746 6028 85
4 6747 5476 5170 7412
4 3944 3857 2000 6662
4 7253 3 8172 1853
4 6010 9078 3367 2912
4 1483 8677 6578 4527
4 432 4532 7118 7443
4 8297 4706 836 2927
4 1140 8204 8453 3997
4 9507 6146 1720 5207
4 1587 5203 4179 884
4 3278 263 4607 4469
4 1040 6320 9755 3728
4 7880 915 6012 3028
4 6981 5803 8442 8683
4 7095 7103 6110 7978
4 6483 5849 1037 9695
4 7696 995 1378 1821
4 8670 3022 3508 464
4 3885 2585 513 6757
4 634 7617 3518 2877
4 1224 8929 4883 7618
4 8964 4565 1253 1073
4 7319 4474 9908 3877
4 7296 1708 6370 7861
4 4617 8722 1923 5197
4 7603 8750 1681 4871
4 5174 3037 7759 2939
4 3561 3736 1684 4307
4 6444 9464 6498 4786
4 8932 3248 2627 7536
4 1117 1542 1526 1484
4 8692 5785 3375 137
4 3362 9599 8524 5902
4 8895 1116 2937 4361
4 9359 6296 4521 2488
4 1152 6367 4038 4975
4 559 4439 1571 8328
4 1154 5462 8466 8637
4 3892 520 7678 5278
4 7870 8874 2798 3055
4 8956 2592 3511 916
4 9880 3853 3544 172
4 4292 3107 1361 17
4 7823 9197 1712 1833
4 5823 9769 6577 6656
4 6231 7041 2566 9425
4 5547 1261 6965 7178
4 5341 5839 9907 1726
4 9849 4668 2600 4946
4 174 5705 9984 5378
4 9961 6605 970 5998
4 7463 56 5941 8527
4 6220 5441 4604 145
4 6938 2185 9350 5503
4 7255 6389 10 6715
4 760 7130 846 3769
4 5548 8516 688 7215
4 2368 529 7238 5250
4 3050 6856 1430 9014
4 7363 7740 451 525
4 3969 1765 1601 5563
4 1234 8363 9092 297
4 4663 4731 6752 5271
4 5446 3746 3516 208
4 1570 5649 738 8714
4 2106 6583 6205 5151
4 8931 2716 1487 6526
4 844 1122 2766 1197
4 9168 5118 3134 5579
4 923 7778 9895 556
4 6364 9597 926 912
4 9741 1827 4093 2221
4 5325 6540 6133 2165
4 7624 7218 6266 139
4 2407 7149 8239 9182
4 164 3540 3104 6396
4 9161 9121 1963 1648
4 4491 8081 9450 5013
4 8833 2295 4230 5017
4 4990 9214 7558 8059
4 3258 1589 2007 8673
4 117 5007 4627 6451
4 7518 3674 2484 8824
4 2649 8161 5627 3691
4 5948 628 5899 9390
4 5574 8650 211 2309
4 2804 8044 1010 8198
4 7499 9246 9594 7346
4 6052 6149 5875 2848
4 7839 480 8617 9135
4 7692 5056 2555 87
4 7152 2879 8293 7204
4 4126 2127 642 1015
4 7983 3276 2836 2590
4 6680 9490 6721 3608
4 8247 8609 6623 7752
4 3932 6102 3029 5879
4 9719 7151 7318 1866
4 1825 9588 7278 6645
4 8305 3828 7954 6215
4 8653 2811 656 9471
4 6157 2125 2872 1847
4 9414 8606 9580 1620
4 1735 900 597 3692
4 6731 6036 9776 5513
4 4555 4650 931 6193
4 1876 3239 3480 6256
4 289 178 4859 3973
4 1943 9286 5487 3677
4 2516 206 28 5824
4 8652 1464 7375 9852
4 1159 9382 4671 1632
4 2538 8578 4170 9499
4 1856 1393 2226 6350
4 5815 8134 1819 3132
4 1311 4522 3891 4496
4 1056 6685 9276 3527
4 590 5981 1129 6152
4 6703 7888 8434 2697
4 4573 5559 834 307
4 6531 3092 2999 1260
4 3808 1205 8258 5061
4 7764 6111 4054 2732
4 5058 4792 3895 124
4 6741 8468 1718 7475
4 6443 151 8537 6206
4 1877 6984 9238 9407
4 1994 9637 2705 1874
4 4933 7105 2190 1642
4 8684 7875 3573 6053
4 53 4725 589 1888
4 5094 9799 8967 9241
4 8342 6228 7777 1562
4 142 236 7734 2428
4 4997 290 7542 7610
4 4055 3980 4857 9165
4 6306 4611 4661 253
4 7413 9675 5418 4091
4 2091 4814 9714 4692
4 7512 9748 5371 7884
4 4865 1704 5710 8032
4 4442 9730 1884 8035
4 9326 8907 9602 4774
4 7993 6932 6651 6628
4 9761 9864 4636 2490
4 7361 9530 4592 4703
4 6676 3297 5644 4989
4 7219 2765 1837 648
4 1445 2241 6155 7659
4 540 6849 4363 4875
4 9376 2020 5044 7406
4 7286 5794 3802 1282
4 3924 4381 4066 3839
4 4716 4926 2565 4187
4 3912 3945 5035 6557
4 2854 735 362 7090
4 5517 3558 898 2400
4 5235 4506 6827 9896
4 8123 1440 2254 7526
4 7841 7662 9976 4904
4 8176 9523 6733 1598
4 6326 2887 3498 9016
4 3654 5671 7003 4771
4 7594 6365 6794 1595
4 1023 3531 9650 6380
4 3553 2461 5916 4656
4 7074 4410 7382 4089
4 8423 8241 5020 7733
4 534 5530 2081 6366
4 6976 4064 2806 2006
4 9922 3567 1406 5474
4 8333 2457 4559 358
4 5389 6289 1332 1467
4 7037 1339 6673 7356
4 4773 5355 6436 2320
4 3422 9453 960 9220
4 1723 7683 1471 210
4 5205 9368 5898 2783
4 1533 4412 404 3760
4 7432 6988 2375 1422
4 7374 8861 9988 5336
4 8597 8432 9848 6800
4 3906 147 6361 33
4 4879 7914 6076 3323
4 9456 689 6778 2907
4 1584 622 1609 5178
4 4495 6857 9468 489
4 8019 6490 5457 3704
4 9879 4375 5489 5086
4 146 4720 8889 3718
4 8715 8938 7768 7534
4 8376 4639 7821 4011
4 909 6514 5551 7943
4 4478 4766 2398 7426
4 7419 7785 737 2874
4 8648 6528 2462 3244
4 5633 3145 7230 9043
4 2389 8153 7310 9561
4 2381 1021 4452 7818
4 9726 6784 5856 9192
4 8894 5869 9684 3914
4 3617 8150 8845 8898
4 7530 9361 6340 2129
4 2401 3582 8043 3882
4 7249 1529 9072 396
4 8823 4057 3595 4026
4 7175 2260 6016 3299
4 7592 3983 3559 1930
4 9703 6585 5901 5776
4 5467 4953 150 835
4 6870 7917 3153 3371
4 6208 9631 8954 1952
4 1922 1512 198 8325
4 3352 5920 3966 1090
4 8299 5461 9143 9971
4 7013 5380 39 3985
4 5085 635 9122 6466
4 7990 5255 8425 6202
4 9222 7770 7454 804
4 8679 8712 6834 3749
4 5865 947 4907 5724
4 4202 2191 5522 5531
4 5832 7116 8746 1886
4 4823 32 4467 3188
4 9429 8682 9221 9062
4 7010 5556 359 9802
4 512 1507 9667 3075
4 7966 9549 8238 6724
4 6649 7956 7596 9734
4 3339 7480 5615 678
4 3129 9091 4124 4016
4 711 9606 3564 45
4 1822 9183 4887 7689
4 2134 3136 3428 2924
4 9828 7809 8519 9868
4 4704 3811 1347 1100
4 149 1761 2148 6243
4 5908 6421 300 6574
4 7221 2277 5896 2167
4 3011 4640 4208 6873
4 7220 6184 6700 7970
4 2707 1256 3322 9173
4 2343 7876 8276 5566
4 170 6705 3641 849
4 7186 7731 4514 3991
4 5756 8196 2024 6160
4 4465 6446 5584 2467
4 1382 6811 0 5451
4 8632 6264 9096 6637
4 5047 7964 3121 8562
4 3694 8263 2198 471
4 313 6203 5939 6553
4 5164 3724 5166 611
4 8264 2278 8517 5954
4 9573 3020 9752 4335
4 6248 6681 9459 4659
4 4708 8908 1047 8752
4 8027 2672 5277 1174
4 6903 9978 7424 6596
4 7984 1908 6015 6726
4 2495 2983 5657 9891
4 4949 6659 1044 9299
4 1157 1199 9583 7975
4 9987 9996 6522 1181
4 8133 3818 8801 2875
4 7386 6942 5947 4992
4 2367 3681 1569 2337
4 6648 5240 4215 7425
4 9068 1179 3412 1106
4 9210 3203 5860 1411
4 9328 5040 5449 1593
4 8711 6112 5721 4511
4 4340 708 6719 9633
4 3127 7727 6017 8143
4 433 7384 8222 3517
4 9038 5362 5173 9836
4 541 3226 5836 5763
4 4790 7521 562 1668
4 2062 7509 6022 514
4 4419 2702 3031 6478
4 1381 4456 6246 2506
4 3563 8160 355 3894
4 825 8210 5813 9721
4 1840 7500 5496 8828
4 1616 4286 9486 968
4 5536 2296 6351 608
4 8413 4206 8864 5157
4 8863 8667 4052 6713
4 8202 204 2025 8696
4 7555 1400 5730 889
4 2601 6492 2120 1768
4 8810 4958 3105 4188
4 4359 8336 7877 6275
4 8139 1751 465 5198
4 6280 3596 2329 8876
3 6051 8031 3330
3 9935 2159 1535
3 4742 5872 70
3 8977 2954 4092
3 1409 9920 4801
3 2437 7751 6960
3 1012 9995 4943
3 8006 4228 1321
3 6864 6263 2033
3 2578 7633 3809
3 8919 240 5606
3 3972 9269 3004
3 234 9418 4000
3 1843 3657 131
3 9198 530 8215
3 4858 955 7614
3 3235 919 5082
3 5368 1640 9519
3 431 2746 9187
3 9768 9716 3926
3 7729 456 7397
3 8089 9028 1062
3 6576 7924 5751
3 9600 8454 5208
3 3311 270 4046
3 430 6008 7995
3 97 9767 6698
3 620 1750 6964
3 9699 978 9332
3 6097 2661 4301
3 2786 9446 8401
3 1330 2604 2193
3 2949 9201 3939
3 372 439 3956
3 2762 9584 1939
3 8137 8447 2072
3 500 1744 6161
3 9431 4796 5986
3 2977 4534 6003
3 1980 673 5191
3 7170 1259 9086
3 9656 6761 7663
3 9538 2102 136
3 2632 6835 4798
3 6890 1036 6565
3 1796 2772 5482
3 7407 3590 1475
3 7457 8822 2514
3 7991 885 4221
3 9398 2713 6844
3 4942 5245 1961
3 3212 1519 2399
3 8180 2694 9413
3 9944 6824 8252
3 3370 3280 956
3 8383 4104 2595
3 8326 1649 5752
3 183 24 6809
3 8435 8568 6352
3 2074 1318 7674
3 6137 7895 3793
3 5666 4387 4635
3 6450 86 1694
3 6463 5732 4502
3 3060 6197 7800
3 9855 1279 37
3 4238 6121 7881
3 3344 9083 2891
3 8859 6887 4783
3 4777 2207 6302
3 9075 5994 7586
3 8037 7471 1546
3 1983 7554 6972
3 2297 4839 1538
3 2953 3822 2881
3 457 4358 458
3 9036 7461 8314
3 6963 6959 3364
3 8815 1755 4595
3 7362 5897 5168
3 7724 4248 7812
3 7320 9009 602
3 487 3543 8353
3 7357 756 7410
3 8900 4400 2903
3 9094 2596 2608
3 4399 7206 7387
3 3141 2144 4596
3 6915 9035 8930
3 4116 9137 3052
3 9047 4434 8766
3 8093 6311 2210
3 7094 3951 6332
3 335 5024 2149
3 6471 6506 2741
3 8486 2785 801
3 3875 6353 3021
3 9564 2610 3651
3 1536 1371 9215
3 2956 3347 462
3 392 221 4504
3 9578 2028 4339
3 9838 4069 5066
3 9114 2892 1688
3 7078 6818 2859
3 7850 6127 9659
3 3789 6448 4736
3 1161 7889 9709
3 1678 5628 5233
3 7602 802 8663
3 4994 4877 40
3 2837 3887 2412
3 6925 6175 725
3 5181 2469 2683
3 4982 6148 4097
3 168 9820 31
3 6232 5125 4688
3 1453 2059 9993
3 6328 7959 8028
3 8438 4291 5106
3 6229 7694 840
3 1426 7557 2307
3 9651 8737 739
3 9394 6944 639
3 7859 1009 842
3 2685 8543 2101
3 7632 502 3012
3 1778 402 9540
3 9595 6725 2169
3 8022 615 4549
3 8426 9015 3318
3 5128 393 4488
3 511 1220 644
3 3841 343 9678
3 325 1959 5631
3 5817 8576 4567
3 6699 152 9223
3 78 7960 5719
3 1869 2950 4689
3 5558 4787 9489
3 6473 229 8804
3 1043 7742 6034
3 613 7395 5959
3 7423 8643 793
3 7803 5190 2388
3 9227 8950 68
3 7971 5882 5676
3 34 5422 1165
3 4099 848 8097
3 4031 726 7314
3 8256 3679 1377
3 7994 6315 953
3 6952 3123 4826
3 1979 7631 8903
3 2472 9957 7697
3 1080 3743 1892
3 7532 1807 4855
3 6746 4880 7132
3 2242 3903 4969
3 3555 5443 6005
3 1167 5850 9887
3 7581 3698 5881
3 13 252 5731
3 6452 640 7430
3 1270 20 579
3 413 4723 6225
3 9892 76 3515
3 467 305 8629
3 1502 3396 1590
3 2002 7176 8571
3 8398 477 9475
3 2164 2304 2137
3 5212 2669 153
3 9274 6357 4811
3 4047 6922 3509
3 860 4298 2215
3 5951 5950 6674
3 7666 6479 9280
3 3621 4750 2929
3 4451 7826 740
3 6095 3665 4078
3 6563 6046 6189
3 57 7496 346
3 5863 4173 649
3 4267 4246 7713
3 6291 3246 293
3 1549 1369 2358
3 1953 4922 7036
3 2232 3233 4554
3 2019 2432 193
3 2898 4155 4279
3 5161 2629 7906
3 395 4245 2527
3 4679 414 5829
3 9337 9524 3761
3 7951 3581 5026
3 5146 8212 3902
3 1586 3449 8821
3 937 3146 9065
3 4662 8986 5346
3 9830 8206 8456
3 7024 6210 7252
3 1416 6544 6104
3 7565 7804 1194
3 2799 6740 3261
3 1276 83 9313
3 949 4249 7194
3 554 5895 1084
3 9526 3161 1286
3 4030 6244 4747
3 568 2751 3504
3 2533 3838 4311
3 1504 868 2531
3 3482 9234 2529
3 2824 2634 5200
3 9157 1650 4314
3 2668 444 4653
3 9294 3773 7653
3 4856 1793 4537
3 7813 23 9543
3 3748 8675 7197
3 9105 8229 3431
3 3806 5714 5387
3 16 6270 8498
3 6630 7743 1516
3 7236 4501 8440
3 3263 1527 982
3 3332 1118 9333
3 2047 3930 2303
3 4328 1031 4176
3 3174 4767 3911
3 6294 7018 6664
3 5672 7963 9810
3 8965 1532 6258
3 9692 9635 4398
3 1250 9488 9458
3 9496 7490 7150
3 5401 8277 6612
3 1514 1032 1452
3 3316 4841 4623
3 4001 1986 6920
3 8355 8642 9551
3 4578 2442 9958
3 675 9680 1201
3 5237 8952 6245
3 8201 6828 4892
3 7559 1618 2671
3 1891 1296 6510
3 4914 8289 2264
3 4713 6693 2422
3 5834 6430 9260
3 3125 5373 6569
3 8727 3513 2712
3 8654 499 6962
3 5980 5199 5175
3 6852 1606 8179
3 2143 9251 9085
3 8729 3880 9711
3 3824 4935 6494
3 1027 5059 3099
3 6822 6744 4775
3 4164 4898 365
3 5641 4605 3407
3 8177 9858 9002
3 7622 4144 30
3 858 9149 6093
3 8918 5769 225
3 5043 8067 459
3 9022 7761 3147
3 4447 9655 8981
3 3747 115 4407
3 8808 7957 8235
3 8897 7237 3570
3 7418 2328 4095
3 6604 5400 2402
3 8593 9272 5097
3 7828 8382 4562
3 1058 7849 6118
3 9985 1898 9611
3 2335 8567 123
3 6130 6846 6600
3 9624 1951 3274
3 3547 7600 1806
3 9181 1669 6727
3 185 9073 2570
3 6323 4482 5471
3 6590 2235 7721
3 1865 3355 4156
3 6126 5098 1110
3 7190 6851 8472
3 2946 6766 94
3 7048 6002 8978
3 4558 576 6398
3 1978 8756 8108
3 5831 1132 7085
3 2046 5077 7899
3 2205 2220 7273
3 7127 4546 9771
3 6472 4840 8753
3 7868 6090 6078
3 6993 8388 4694
3 2240 8393 5442
3 2466 7665 6669
3 7247 6899 4197
3 4325 7616 1639
3 8340 9927 6711
3 8806 473 5944
3 7315 5812 896
3 2333 7634 5505
3 7329 6524 5041
3 8372 8734 3615
3 6304 3883 1754
3 9859 2591 9338
3 6223 8572 5019
3 1835 8129 3587
3 2582 9613 1288
3 9745 7805 1266
3 3078 4804 7693
3 4489 2216 160
3 6774 1848 4564
3 7460 8640 899
3 2294 2105 516
3 5323 2911 2730
3 1271 1774 4172
3 3506 1192 143
3 6356 22 3664
3 101 1137 3265
3 9603 1212 8573
3 5800 3324 5621
3 6697 5189 9013
3 3884 6671 7815
3 6739 419 5702
3 6990 5613 6560
3 9877 2549 2234
3 5460 1849 5276
3 3878 9948 9003
3 7275 1313 6803
3 5140 1086 4746
3 4308 7123 9134
3 3038 2754 4312
3 8021 3933 7491
3 7121 3281 3849
3 3439 8996 2136
3 2199 1653 2237
3 8994 2453 417
3 558 753 7686
3 5268 9744 3402
3 1699 6063 9029
3 906 5397 2390
3 5134 2781 4255
3 3097 4217 3578
3 6064 2793 5171
3 9679 6581 8773
3 7931 550 6023
3 9261 5426 2016
3 1488 5523 1170
3 6595 6414 4599
3 7510 1656 4196
3 9194 9008 381
3 2289 8411 2417
3 9844 5598 8084
3 1461 8716 4818
3 5903 796 4394
3 3873 2852 6831
3 9230 3782 4136
3 6035 4918 5246
3 6636 1127 2951
3 2268 5234 3381
3 1480 2775 1172
3 4678 7400 6096
3 2621 159 3817
3 828 472 6520
3 8049 8166 7117
3 5253 8316 8759
3 6261 4613 6132
3 7233 9901 7786
3 8789 3491 8793
3 4630 2406 3131
3 3888 1093 1783
3 2444 1624 219
3 9759 3334 5736
3 8464 4094 3262
3 3300 133 1665
3 4910 1814 3783
3 1404 6432 2731
3 6373 3442 1627
3 6529 8539 8987
3 7309 8633 7684
3 2068 7903 845
3 6227 893 5770
3 3965 1985 2334
3 7788 8618 1867
3 6517 6953 217
3 279 1221 4932
3 9502 5586 1836
3 610 2750 1781
3 3312 2065 3744
3 5972 1801 9534
3 2554 3584 4193
3 218 7969 5966
3 2987 5391 5398
3 5917 2711 4088
3 3401 4479 4487
3 7925 5313 9535
3 6180 9575 2281
3 1208 5577 3721
3 8165 7501 4894
3 7980 6417 5104
3 990 6586 5064
3 669 7388 3539
3 7898 651 6812
3 7110 1899 9660
3 7675 1904 2722
3 3445 1184 5370
3 7371 9200 3085
3 1646 8665 5132
3 3927 401 3411
3 3862 2184 3947
3 7672 7065 9754
3 9770 3076 9882
3 3216 2464 4981
3 1638 4544 7289
3 934 5481 4529
3 9846 1292 2947
3 3124 545 89
3 3929 8694 7502
3 8638 4428 5594
3 2376 2326 249
3 1716 7695 4628
3 5599 9941 771
3 4538 1130 163
3 6770 977 3017
3 8525 8584 7902
3 3521 2560 1935
3 3424 9209 292
3 1928 7664 3807
3 4669 5345 5511
3 8015 2087 9156
3 9356 6405 2173
3 757 8934 1299
3 1683 827 8842
3 144 8268 7608
3 7043 7907 3115
3 6259 207 2057
3 6068 6958 4163
3 7744 2835 2567
3 1469 304 7177
3 9670 5122 3580
3 2990 1870 894
3 4833 2022 1138
3 2480 2050 6805
3 7096 6973 1120
3 6307 2463 9089
3 6497 6409 1331
3 930 9140 7274
3 8732 241 4842
3 8776 618 1209
3 8273 4553 157
3 5429 7223 4646
3 5804 7962 2011
3 8709 3941 4882
3 288 7553 6331
3 9860 7134 3610
3 316 8853 199
3 691 7014 5192
3 3313 9785 4392
3 4149 5514 6301
3 7878 8886 4948
3 7216 6425 643
3 7642 865 7544
3 728 4337 8298
3 7163 3178 9152
3 8502 3186 9491
3 287 3353 2227
3 9225 8068 3893
3 356 8409 9179
3 7640 5725 2564
3 6897 2179 1841
3 3541 6541 1971
3 819 7795 4714
3 1958 862 5578
3 5206 5254 5663
3 616 3006 1574
3 7546 4226 8870
3 4789 1652 7019
3 2418 7298 9100
3 5329 108 3753
3 4355 5182 1277
3 8645 5060 6904
3 8534 4468 9367
3 6513 9406 5550
3 2288 2805 4143
3 5718 9647 7229
3 6387 1227 9710
3 9863 6213 6087
3 186 3536 867
3 5848 2163 5612
3 4634 425 9553
3 9885 7087 2239
3 3425 1809 2841
3 5658 7948 4598
3 6629 9329 1495
3 5534 6796 3798
3 9870 9232 5424
3 5952 733 2563
3 3438 8141 5825
3 784 9172 8310
3 8941 9617 6814
3 8740 2344 1376
3 5741 4508 1479
3 2577 3712 2689
3 4693 1563 226
3 2318 1661 5573
3 8564 1615 5510
3 800 2435 5611
3 2201 5958 9582
3 1700 6620 3812
3 3209 7349 7556
3 378 5771 347
3 769 4791 9590
3 9570 6484 7091
3 3208 348 9423
3 9158 128 1099
3 4986 2152 189
3 9862 4518 1685
3 719 789 7365
3 7799 6748 7333
3 9876 8103 7434
3 383 9314 8321
3 4906 6253 4290
3 7441 3917 8771
3 4726 1403 5409
3 6125 9346 8309
3 4403 9555 3213
3 4709 1131 1235
3 6701 1196 7140
3 6917 4211 5316
3 958 6692 7060
3 7946 8347 415
2 7459 1909
2 7758 2586
2 4939 7835
2 633 2470
2 8493 7580
2 1949 9819
2 8086 1494
2 441 5294
2 9205 7541
2 1788 2012
2 349 5183
2 9954 8064
2 2451 1679
2 8282 3784
2 8080 4996
2 9737 6279
2 2382 3859
2 8960 1799
2 831 1188
2 1868 1284
2 203 1180
2 703 2356
2 361 291
2 5343 9323
2 5379 2550
2 3860 1993
2 2878 8379
2 3949 1119
2 5148 6457
2 863 3327
2 1230 8686
2 6456 405
2 7807 509
2 388 1732
2 2035 5779
2 3821 7965
2 1335 9999
2 1611 935
2 280 1323
2 4621 8875
2 4 2498
2 2384 693
2 5694 6843
2 7507 8412
2 2483 9372
2 7479 7669
2 1818 3247
2 782 8406
2 8726 5410
2 1105 5833
2 6085 4633
2 2579 2324
2 8970 200
2 1133 5699
2 7251 2789
2 4632 4344
2 1135 7753
2 4734 7307
2 3787 8955
2 4254 4950
2 922 1074
2 4675 4330
2 9663 8985
2 4664 8410
2 1046 8784
2 1111 9102
2 6233 258
2 5051 268
2 2378 227
2 9807 6407
2 3394 4461
2 2541 1987
2 9701 4979
2 9724 3639
2 662 3386
2 6500 1553
2 811 9636
2 5844 318
2 1029 8523
2 5977 7791
2 9604 7667
2 2311 376
2 2942 5356
2 2405 6983
2 2386 8461
2 4107 3292
2 9742 8791
2 3389 2373
2 3922 2086
2 983 9632
2 6635 9186
2 2676 794
2 491 2410
2 2715 6158
2 7092 2508
2 9533 173
2 8491 9557
2 5327 3199
2 342 7399
2 9644 7322
2 3827 9717
2 8164 4425
2 6371 8602
2 5005 8374
2 741 6434
2 8731 9162
2 3385 5177
2 2030 9148
2 4371 1918
2 4369 8136
2 3819 5266
2 1992 7627
2 5413 4220
2 7992 2883
2 409 8872
2 621 7820
2 3008 6647
2 2825 9342
2 7706 8725
2 3756 1534
2 872 9773
2 6242 5187
2 7340 5885
2 3866 6254
2 4810 6420
2 4273 3267
2 1897 1969
2 7228 4435
2 5399 5210
2 7712 1329
2 3225 1705
2 2934 7832
2 1439 917
2 5957 5073
2 1206 7636
2 1415 4323
2 1045 1554
2 6678 9282
2 821 8857
2 3799 7069
2 148 9609
2 4978 1063
2 3794 5643
2 2747 3935
2 69 4651
2 9977 984
2 195 2803
2 4032 508
2 4214 5167
2 5840 901
2 1731 7547
2 5470 5265
2 2884 2427
2 483 3058
2 9327 1610
2 6499 2873
2 4535 437
2 7165 4356
2 3466 312
2 8728 5853
2 5045 3227
2 4260 5883
2 7393 9362
2 3474 7736
2 8613 5979
2 3144 7264
2 6174 3620
2 5361 7033
2 4237 7093
2 435 4807
2 6480 7938
2 2172 7276
2 9963 7243
2 652 605
2 7408 9159
2 2503 8758
2 8879 2166
2 6234 6077
2 4103 8142
2 5340 2330
2 2996 8507
2 6901 4860
2 1654 8778
2 8770 987
2 4822 8395
2 1305 4758
2 7097 3636
2 7172 9822
2 7793 194
2 179 8570
2 7588 4372
2 9070 7915
2 9775 5508
2 9011 2425
2 5745 6654
2 6675 5350
2 8535 7416
2 8780 6841
2 9787 4224
2 2500 7427
2 6187 4972
2 111 4732
2 2170 192
2 3530 2556
2 3879 1142
2 209 118
2 8144 8117
2 7789 4890
2 184 8311
2 4891 9749
2 3984 3476
2 8786 6853
2 7639 3082
2 2206 7059
2 9415 303
2 4577 2769
2 9380 8877
2 596 3189
2 2520 7561
2 8224 478
2 5279 1831
2 6128 7942
2 8405 482
2 7578 8961
2 4376 3044
2 3777 9931
2 5067 4285
2 9264 9571
2 7098 9218
2 8975 1728
2 8038 7086
2 9421 8361
2 7883 5107
2 8417 1614
2 4175 729
2 5557 6141
2 7856 8114
2 230 2812
2 7590 4724
2 274 7741
2 6411 2512
2 6902 5906
2 2771 1972
2 908 6156
2 3727 5993
2 121 1695
2 5983 9436
2 3717 4523
2 2485 8061
2 7075 6308
2 9556 8135
2 8272 8244
2 2974 3716
2 6614 5747
2 5696 1485
2 1517 3493
2 4952 2808
2 8530 6682
2 6937 7483
2 7077 7045
2 6720 9793
2 1496 5483
2 1350 6177
2 3685 8009
2 4699 156
2 2039 7847
2 4899 2098
2 8002 1625
2 6833 7606
2 8462 781
2 4470 7187
2 4232 6559
2 9031 8075
2 5504 507
2 256 1749
2 5304 2110
2 4063 5533
2 2602 4845
2 5213 1177
2 2532 8220
2 5870 3635
2 8561 2827
2 8542 9126
2 7864 833
2 6607 2272
2 1937 8698
2 7730 8011
2 8880 4098
2 61 5617
2 311 1283
2 9736 8500
2 8110 1226
2 6545 574
2 7017 6265
2 6429 8797
2 2271 4333
2 424 8045
2 6428 5727
2 4588 4876
2 3053 4297
2 2447 1753
2 5382 866
2 1006 3690
2 4427 4966
2 3307 1804
2 428 1326
2 6971 81
2 682 7550
2 1696 7404
2 2657 9357
2 4980 5938
2 7533 3023
2 2231 8556
2 7248 7337
2 3108 5260
2 4913 8159
2 1171 5158
2 8868 1501
2 8494 6026
2 5377 795
2 1634 5262
2 9686 7068
2 1513 9301
2 5023 1984
2 8635 2298
2 9457 4440
2 1917 5783
2 9498 3059
2 3993 959
2 1166 6551
2 2252 9296
2 8924 7929
2 9910 4262
2 406 8850
2 3469 1622
2 6539 903
2 8473 7367
2 7711 7833
2 8190 9007
2 3268 7682
2 7139 7830
2 5754 7138
2 803 5008
2 1703 6075
2 4305 7030
2 7292 6293
2 6998 1789
2 5907 5480
2 8441 538
2 7022 9932
2 9521 3846
2 1762 1932
2 5910 1275
2 3534 2673
2 5585 5472
2 2900 182
2 8968 6021
2 6098 4591
2 2357 3205
2 9823 7453
2 7584 4770
2 7067 6237
2 8592 2310
2 2583 1307
2 3361 2393
2 6257 8555
2 5632 7514
2 3266 6412
2 6617 668
2 4923 2645
2 3963 603
2 3416 4453
2 4830 3286
2 6393 2138
2 6533 4283
2 6859 1149
2 1824 5693
2 3705 7102
2 4851 3154
2 4893 6848
2 5281 5010
2 4019 7281
2 5926 7129
2 4060 1191
2 9698 4843
2 9044 9042
2 9577 4048
2 7688 7523
2 5900 6799
2 658 4793
2 9548 6519
2 3854 4911
2 25 2026
2 3803 3611
2 2961 224
2 2664 1878
2 2928 5640
2 3994 3810
2 4236 9189
2 698 7985
2 2546 8085
2 452 3382
2 4571 3169
2 6961 6222
2 9411 1770
2 7574 9311
2 3591 921
2 7071 9861
2 5430 2899
2 9914 6454
2 5100 7000
2 6040 2385
2 8001 275
2 1190 1612
2 341 7658
2 8541 9297
2 6643 2662
2 3454 526
2 6923 5838
2 659 5809
2 1302 3719
2 2280 2656
2 7852 8000
2 3619 8554
2 27 582
2 238 5538
2 6290 972
2 9101 9059
2 9972 3990
2 468 6185
2 886 6862
2 2153 3523
2 6334 6195
2 5828 6119
2 746 9229
2 6509 7890
2 9146 9554
2 8334 6031
2 1775 2709
2 3696 9270
2 9204 4691
2 6592 319
2 7782 8231
2 4009 54
2 3413 5386
2 5635 7011
2 180 3156
2 1316 3754
2 5549 2980
2 1777 4525
2 6516 7261
2 6391 412
2 9933 4821
2 8118 2525
2 2038 6199
2 9825 7504
2 6850 8109
2 1873 6772
2 8034 999
2 4209 9024
2 6283 1134
2 6491 1667
2 7488 9720
2 5859 5778
2 2154 1880
2 6163 4034
2 8546 1087
2 4132 5014
2 8757 9336
2 1237 1725
2 4252 3383
2 4987 422
2 6792 379
2 4581 5697
2 7222 3645
2 8318 9150
2 5257 5949
2 5227 4174
2 8508 8344
2 4705 1308
2 3843 9400
2 2010 573
2 2758 4556
2 8098 4520
2 360 3628
2 1915 533
2 3201 4976
2 1964 2706
2 1401 3643
2 5406 5029
2 3340 5619
2 5342 583
2 5108 8511
2 5539 7005
2 5049 9929
2 1664 1290
2 7822 1374
2 5153 5527
2 3788 2858
2 2733 6631
2 9321 5820
2 7183 154
2 986 9833
2 7042 7921
