499
0
1
eji-a 6
1
2
a-b 3
ejj-b 1
2
1
b-c 4
3
1
c-d 4
4
1
d-e 2
5
2
ejj-f 2
e-f 1
6
1
f-g 5
7
2
ejj-h 7
g-h 4
8
1
h-i 11
9
2
ejj-j 1
i-j 8
10
1
j-ba 8
11
2
ejj-bb 4
ba-bb 6
12
1
bb-bc 10
13
2
ejj-bd 5
bc-bd 6
14
1
bd-be 5
15
2
ejj-bf 2
be-bf 5
16
1
bf-bg 8
17
2
bg-bh 8
ejj-bh 2
18
1
bh-bi 9
19
2
ejj-bj 2
bi-bj 4
20
1
bj-ca 6
21
2
ca-cb 4
ejj-cb 1
22
1
cb-cc 4
23
2
ejj-cd 2
cc-cd 1
24
1
cd-ce 2
25
2
ejj-cf 4
ce-cf 2
26
1
cf-cg 6
27
2
cg-ch 5
ejj-ch 2
28
1
ch-ci 6
29
2
ci-cj 3
ejj-cj 5
30
1
cj-da 7
31
2
da-db 9
ejj-db 5
32
1
db-dc 14
33
2
dc-dd 7
ejj-dd 1
34
1
dd-de 9
35
2
de-df 6
ejj-df 2
36
1
df-dg 8
37
2
ejj-dh 4
dg-dh 5
38
1
dh-di 8
39
2
ejj-dj 2
di-dj 7
40
1
dj-ea 8
41
2
ea-eb 8
ejj-eb 1
42
1
eb-ec 9
43
2
ec-ed 8
ejj-ed 1
44
1
ed-ee 6
45
1
ee-ef 3
46
1
ef-eg 3
47
1
ejj-eh 4
48
1
eh-ei 4
49
2
ei-ej 6
ejj-ej 1
50
1
ej-fa 8
51
2
fa-fb 7
ejj-fb 1
52
1
fb-fc 6
53
1
fc-fd 4
54
1
fd-fe 5
55
2
fe-ff 3
ejj-ff 1
56
1
ff-fg 2
57
2
fg-fh 1
ejj-fh 3
58
1
fh-fi 3
59
2
fi-fj 4
ejj-fj 3
60
1
fj-ga 5
61
2
ejj-gb 5
ga-gb 1
62
1
gb-gc 6
63
2
ejj-gd 2
gc-gd 5
64
1
gd-ge 7
65
2
ge-gf 6
ejj-gf 1
66
1
gf-gg 8
67
2
gg-gh 5
ejj-gh 3
68
1
gh-gi 9
69
2
gi-gj 5
ejj-gj 3
70
1
gj-ha 9
71
2
ejj-hb 3
ha-hb 9
72
1
hb-hc 13
73
2
ejj-hd 1
hc-hd 7
74
1
hd-he 8
75
2
he-hf 6
ejj-hf 1
76
1
hf-hg 5
77
2
hg-hh 3
ejj-hh 1
78
1
hh-hi 3
79
2
hi-hj 1
ejj-hj 1
80
1
hj-ia 3
81
2
ejj-ib 2
ia-ib 4
82
1
ib-ic 6
83
2
ejj-id 2
ic-id 4
84
1
id-ie 5
85
2
ejj-if 1
ie-if 4
86
1
if-ig 3
87
2
ejj-ih 1
ig-ih 2
88
1
ih-ii 1
89
2
ii-ij 2
ejj-ij 3
90
1
ij-ja 5
91
2
ejj-jb 2
ja-jb 4
92
1
jb-jc 5
93
2
ejj-jd 1
jc-jd 6
94
1
jd-je 6
95
2
ejj-jf 3
je-jf 8
96
1
jf-jg 9
97
2
ejj-jh 4
jg-jh 6
98
1
jh-ji 10
99
2
ejj-jj 1
ji-jj 8
100
1
jj-baa 9
101
1
baa-bab 4
102
1
bab-bac 6
103
2
bac-bad 5
ejj-bad 1
104
1
bad-bae 4
105
2
ejj-baf 2
bae-baf 3
106
1
baf-bag 6
107
2
ejj-bah 2
bag-bah 4
108
1
bah-bai 5
109
2
ejj-baj 1
bai-baj 4
110
1
baj-bba 4
111
2
ejj-bbb 2
bba-bbb 2
112
1
bbb-bbc 5
113
2
bbc-bbd 4
ejj-bbd 1
114
1
bbd-bbe 4
115
1
bbe-bbf 3
116
1
bbf-bbg 3
117
1
ejj-bbh 2
118
1
bbh-bbi 2
119
2
ejj-bbj 2
bbi-bbj 2
120
1
bbj-bca 1
121
1
ejj-bcb 2
122
1
bcb-bcc 2
123
1
ejj-bcd 4
124
1
bcd-bce 3
125
2
bce-bcf 2
ejj-bcf 1
126
1
bcf-bcg 2
127
2
bcg-bch 2
ejj-bch 2
128
1
bch-bci 4
129
2
ejj-bcj 4
bci-bcj 3
130
1
bcj-bda 4
131
2
bda-bdb 4
ejj-bdb 2
132
1
bdb-bdc 5
133
2
bdc-bdd 4
ejj-bdd 2
134
1
bdd-bde 8
135
2
bde-bdf 6
ejj-bdf 2
136
1
bdf-bdg 6
137
2
bdg-bdh 5
ejj-bdh 2
138
1
bdh-bdi 7
139
2
ejj-bdj 2
bdi-bdj 6
140
1
bdj-bea 9
141
2
ejj-beb 1
bea-beb 4
142
1
beb-bec 6
143
2
bec-bed 2
ejj-bed 1
144
1
bed-bee 4
145
2
bee-bef 3
ejj-bef 2
146
1
bef-beg 5
147
1
beg-beh 3
148
1
beh-bei 6
149
2
bei-bej 4
ejj-bej 4
150
1
bej-bfa 7
151
2
bfa-bfb 5
ejj-bfb 2
152
1
bfb-bfc 6
153
2
bfc-bfd 5
ejj-bfd 2
154
1
bfd-bfe 4
155
2
bfe-bff 3
ejj-bff 2
156
1
bff-bfg 7
157
2
bfg-bfh 5
ejj-bfh 3
158
1
bfh-bfi 5
159
2
bfi-bfj 4
ejj-bfj 2
160
1
bfj-bga 5
161
1
bga-bgb 4
162
1
bgb-bgc 4
163
2
ejj-bgd 2
bgc-bgd 5
164
1
bgd-bge 5
165
2
ejj-bgf 2
bge-bgf 2
166
1
bgf-bgg 5
167
2
ejj-bgh 2
bgg-bgh 5
168
1
bgh-bgi 4
169
2
bgi-bgj 4
ejj-bgj 1
170
1
bgj-bha 4
171
2
ejj-bhb 1
bha-bhb 3
172
1
bhb-bhc 9
173
2
ejj-bhd 1
bhc-bhd 9
174
1
bhd-bhe 9
175
2
ejj-bhf 1
bhe-bhf 4
176
1
bhf-bhg 5
177
2
ejj-bhh 5
bhg-bhh 2
178
1
bhh-bhi 6
179
2
bhi-bhj 5
ejj-bhj 1
180
1
bhj-bia 7
181
2
ejj-bib 2
bia-bib 3
182
1
bib-bic 3
183
2
bic-bid 2
ejj-bid 1
184
1
bid-bie 4
185
2
bie-bif 4
ejj-bif 4
186
1
bif-big 9
187
2
big-bih 5
ejj-bih 3
188
1
bih-bii 8
189
2
bii-bij 6
ejj-bij 4
190
1
bij-bja 10
191
2
ejj-bjb 3
bja-bjb 10
192
1
bjb-bjc 11
193
2
ejj-bjd 3
bjc-bjd 6
194
1
bjd-bje 10
195
2
ejj-bjf 1
bje-bjf 8
196
1
bjf-bjg 8
197
2
bjg-bjh 7
ejj-bjh 2
198
1
bjh-bji 7
199
2
bji-bjj 6
ejj-bjj 1
200
1
bjj-caa 10
201
1
caa-cab 4
202
1
cab-cac 6
203
2
cac-cad 3
ejj-cad 2
204
1
cad-cae 6
205
2
ejj-caf 1
cae-caf 3
206
1
caf-cag 2
207
1
cag-cah 1
208
1
cah-cai 1
209
2
cai-caj 2
ejj-caj 2
210
1
caj-cba 4
211
2
cba-cbb 2
ejj-cbb 1
212
1
cbb-cbc 2
213
1
cbc-cbd 5
214
1
cbd-cbe 3
215
2
cbe-cbf 1
ejj-cbf 2
216
1
cbf-cbg 2
217
2
cbg-cbh 3
ejj-cbh 3
218
1
cbh-cbi 3
219
2
ejj-cbj 2
cbi-cbj 6
220
1
cbj-cca 7
221
2
cca-ccb 6
ejj-ccb 2
222
1
ccb-ccc 9
223
2
ccc-ccd 8
ejj-ccd 2
224
1
ccd-cce 10
225
2
cce-ccf 5
ejj-ccf 2
226
1
ccf-ccg 6
227
2
ejj-cch 2
ccg-cch 7
228
1
cch-cci 10
229
2
cci-ccj 7
ejj-ccj 6
230
1
ccj-cda 8
231
2
ejj-cdb 3
cda-cdb 3
232
1
cdb-cdc 7
233
2
ejj-cdd 3
cdc-cdd 4
234
1
cdd-cde 10
235
2
cde-cdf 7
ejj-cdf 2
236
1
cdf-cdg 8
237
2
ejj-cdh 2
cdg-cdh 6
238
1
cdh-cdi 8
239
2
ejj-cdj 7
cdi-cdj 6
240
1
cdj-cea 11
241
2
ejj-ceb 3
cea-ceb 8
242
1
ceb-cec 9
243
2
ejj-ced 1
cec-ced 7
244
1
ced-cee 9
245
2
cee-cef 5
ejj-cef 3
246
1
cef-ceg 8
247
2
ejj-ceh 1
ceg-ceh 6
248
1
ceh-cei 6
249
1
cei-cej 5
250
1
cej-cfa 4
251
1
cfa-cfb 2
252
1
cfb-cfc 2
253
1
cfc-cfd 1
255
1
ejj-cff 3
256
1
cff-cfg 4
257
2
cfg-cfh 5
ejj-cfh 1
258
1
cfh-cfi 5
259
2
cfi-cfj 3
ejj-cfj 3
260
1
cfj-cga 6
261
2
ejj-cgb 1
cga-cgb 6
262
1
cgb-cgc 7
263
2
cgc-cgd 4
ejj-cgd 6
264
1
cgd-cge 11
265
2
cge-cgf 7
ejj-cgf 2
266
1
cgf-cgg 8
267
1
cgg-cgh 4
268
1
cgh-cgi 3
269
1
cgi-cgj 2
270
1
cgj-cha 4
271
2
cha-chb 3
ejj-chb 2
272
1
chb-chc 7
273
2
ejj-chd 2
chc-chd 2
274
1
chd-che 4
275
2
che-chf 5
ejj-chf 4
276
1
chf-chg 8
277
1
chg-chh 4
278
1
chh-chi 4
279
2
chi-chj 5
ejj-chj 5
280
1
chj-cia 8
281
2
ejj-cib 1
cia-cib 11
282
1
cib-cic 14
283
1
cic-cid 10
284
1
cid-cie 9
285
2
cie-cif 7
ejj-cif 2
286
1
cif-cig 7
287
2
cig-cih 6
ejj-cih 2
288
1
cih-cii 7
289
1
cii-cij 6
290
1
cij-cja 5
291
2
ejj-cjb 1
cja-cjb 3
292
1
cjb-cjc 6
293
2
ejj-cjd 2
cjc-cjd 5
294
1
cjd-cje 7
295
2
ejj-cjf 2
cje-cjf 2
296
1
cjf-cjg 3
297
2
cjg-cjh 4
ejj-cjh 3
298
1
cjh-cji 6
299
2
cji-cjj 4
ejj-cjj 3
300
1
cjj-daa 6
301
1
daa-dab 2
302
1
dab-dac 2
303
2
ejj-dad 1
dac-dad 3
304
1
dad-dae 6
305
2
ejj-daf 1
dae-daf 6
306
1
daf-dag 8
307
2
ejj-dah 3
dag-dah 6
308
1
dah-dai 9
309
2
ejj-daj 1
dai-daj 7
310
1
daj-dba 9
311
2
dba-dbb 2
ejj-dbb 3
312
1
dbb-dbc 5
313
2
ejj-dbd 2
dbc-dbd 5
314
1
dbd-dbe 5
315
2
ejj-dbf 1
dbe-dbf 5
316
1
dbf-dbg 5
317
2
ejj-dbh 1
dbg-dbh 5
318
1
dbh-dbi 6
319
2
ejj-dbj 1
dbi-dbj 7
320
1
dbj-dca 11
321
2
dca-dcb 3
ejj-dcb 2
322
1
dcb-dcc 7
323
2
dcc-dcd 9
ejj-dcd 1
324
1
dcd-dce 6
325
2
dce-dcf 4
ejj-dcf 1
326
1
dcf-dcg 6
327
2
ejj-dch 3
dcg-dch 4
328
1
dch-dci 7
329
2
ejj-dcj 1
dci-dcj 5
330
1
dcj-dda 7
331
2
dda-ddb 7
ejj-ddb 3
332
1
ddb-ddc 10
333
2
ddc-ddd 8
ejj-ddd 1
334
1
ddd-dde 9
335
2
dde-ddf 7
ejj-ddf 5
336
1
ddf-ddg 7
337
1
ddg-ddh 6
338
1
ddh-ddi 4
339
2
ejj-ddj 3
ddi-ddj 3
340
1
ddj-dea 4
341
2
dea-deb 3
ejj-deb 4
342
1
deb-dec 7
343
2
ejj-ded 3
dec-ded 5
344
1
ded-dee 7
345
2
dee-def 6
ejj-def 1
346
1
def-deg 7
347
2
deg-deh 3
ejj-deh 1
348
1
deh-dei 5
349
2
dei-dej 2
ejj-dej 1
350
1
dej-dfa 3
351
1
dfa-dfb 5
352
1
dfb-dfc 5
353
1
dfc-dfd 3
354
1
dfd-dfe 1
355
2
dfe-dff 3
ejj-dff 1
356
1
dff-dfg 4
357
2
dfg-dfh 4
ejj-dfh 2
358
1
dfh-dfi 6
359
2
ejj-dfj 5
dfi-dfj 6
360
1
dfj-dga 11
361
2
ejj-dgb 2
dga-dgb 7
362
1
dgb-dgc 7
363
2
ejj-dgd 3
dgc-dgd 9
364
1
dgd-dge 10
365
2
ejj-dgf 1
dge-dgf 7
366
1
dgf-dgg 6
367
2
dgg-dgh 8
ejj-dgh 1
368
1
dgh-dgi 9
369
2
ejj-dgj 4
dgi-dgj 8
370
1
dgj-dha 10
371
2
ejj-dhb 1
dha-dhb 7
372
1
dhb-dhc 10
373
2
dhc-dhd 6
ejj-dhd 4
374
1
dhd-dhe 8
375
2
ejj-dhf 2
dhe-dhf 6
376
1
dhf-dhg 7
377
2
dhg-dhh 5
ejj-dhh 3
378
1
dhh-dhi 7
379
2
dhi-dhj 6
ejj-dhj 1
380
1
dhj-dia 6
381
2
dia-dib 4
ejj-dib 1
382
1
dib-dic 7
383
2
dic-did 5
ejj-did 5
384
1
did-die 11
385
2
die-dif 7
ejj-dif 1
386
1
dif-dig 7
387
2
dig-dih 7
ejj-dih 1
388
1
dih-dii 11
389
2
dii-dij 9
ejj-dij 1
390
1
dij-dja 11
391
2
ejj-djb 6
dja-djb 10
392
1
djb-djc 13
393
2
ejj-djd 1
djc-djd 11
394
1
djd-dje 11
395
1
dje-djf 11
396
1
djf-djg 8
397
2
djg-djh 4
ejj-djh 3
398
1
djh-dji 5
399
2
dji-djj 5
ejj-djj 2
400
1
djj-eaa 9
401
2
eaa-eab 7
ejj-eab 1
402
1
eab-eac 8
403
2
ejj-ead 3
eac-ead 8
404
1
ead-eae 8
405
2
ejj-eaf 3
eae-eaf 4
406
1
eaf-eag 7
407
2
ejj-eah 1
eag-eah 8
408
1
eah-eai 6
409
2
ejj-eaj 7
eai-eaj 5
410
1
eaj-eba 11
411
2
eba-ebb 10
ejj-ebb 2
412
1
ebb-ebc 15
413
2
ebc-ebd 13
ejj-ebd 3
414
1
ebd-ebe 14
415
2
ebe-ebf 9
ejj-ebf 2
416
1
ebf-ebg 12
417
2
ejj-ebh 2
ebg-ebh 7
418
1
ebh-ebi 7
419
2
ebi-ebj 5
ejj-ebj 1
420
1
ebj-eca 7
421
2
eca-ecb 3
ejj-ecb 1
422
1
ecb-ecc 2
423
2
ecc-ecd 2
ejj-ecd 1
424
1
ecd-ece 4
425
2
ejj-ecf 1
ece-ecf 2
426
1
ecf-ecg 5
427
2
ecg-ech 5
ejj-ech 1
428
1
ech-eci 5
429
2
ejj-ecj 2
eci-ecj 4
430
1
ecj-eda 6
431
2
ejj-edb 4
eda-edb 4
432
1
edb-edc 7
433
2
edc-edd 6
ejj-edd 3
434
1
edd-ede 8
435
2
ejj-edf 2
ede-edf 5
436
1
edf-edg 6
437
2
ejj-edh 2
edg-edh 3
438
1
edh-edi 6
439
2
ejj-edj 3
edi-edj 4
440
1
edj-eea 5
441
2
ejj-eeb 2
eea-eeb 4
442
1
eeb-eec 6
443
2
eec-eed 4
ejj-eed 1
444
1
eed-eee 5
445
2
eee-eef 5
ejj-eef 2
446
1
eef-eeg 6
447
2
eeg-eeh 4
ejj-eeh 1
448
1
eeh-eei 5
449
1
eei-eej 3
450
1
eej-efa 2
451
2
efa-efb 3
ejj-efb 1
452
1
efb-efc 4
453
2
efc-efd 4
ejj-efd 2
454
1
efd-efe 6
455
2
efe-eff 4
ejj-eff 1
456
1
eff-efg 5
457
2
efg-efh 5
ejj-efh 4
458
1
efh-efi 7
459
2
ejj-efj 2
efi-efj 5
460
1
efj-ega 8
461
2
ega-egb 5
ejj-egb 1
462
1
egb-egc 4
463
2
egc-egd 3
ejj-egd 1
464
1
egd-ege 3
465
2
ege-egf 1
ejj-egf 1
466
1
egf-egg 2
467
2
egg-egh 1
ejj-egh 5
468
1
egh-egi 5
469
2
ejj-egj 1
egi-egj 4
470
1
egj-eha 5
471
2
ejj-ehb 3
eha-ehb 5
472
1
ehb-ehc 9
473
2
ehc-ehd 7
ejj-ehd 1
474
1
ehd-ehe 8
475
2
ejj-ehf 3
ehe-ehf 5
476
1
ehf-ehg 7
477
2
ehg-ehh 6
ejj-ehh 1
478
1
ehh-ehi 5
479
2
ehi-ehj 3
ejj-ehj 2
480
1
ehj-eia 5
481
2
eia-eib 3
ejj-eib 2
482
1
eib-eic 5
483
2
eic-eid 4
ejj-eid 1
484
1
eid-eie 4
485
1
eie-eif 2
486
1
eif-eig 2
487
1
eig-eih 2
488
1
eih-eii 6
489
2
eii-eij 3
ejj-eij 2
490
1
eij-eja 6
491
2
ejj-ejb 3
eja-ejb 3
492
1
ejb-ejc 5
493
2
ejc-ejd 4
ejj-ejd 5
494
1
ejd-eje 8
495
2
eje-ejf 7
ejj-ejf 2
496
1
ejf-ejg 9
497
2
ejg-ejh 6
ejj-ejh 3
498
1
ejh-eji 9
499
172
cc-ejj 3
eba-ejj 2
ejg-ejj 2
bhi-ejj 1
cbg-ejj 2
dei-ejj 2
big-ejj 2
cdc-ejj 1
dge-ejj 3
baa-ejj 1
eaa-ejj 2
ehi-ejj 2
cbe-ejj 1
eig-ejj 1
cea-ejj 3
ccc-ejj 3
dia-ejj 2
bje-ejj 2
bgi-ejj 3
dha-ejj 2
cda-ejj 1
eje-ejj 2
bhg-ejj 2
fa-ejj 2
eca-ejj 2
ddg-ejj 2
cbc-ejj 1
cec-ejj 1
ehg-ejj 2
cji-ejj 2
dic-ejj 1
bfi-ejj 3
ejc-ejj 3
be-ejj 1
eac-ejj 2
g-ejj 1
bjc-ejj 2
dfc-ejj 2
dcg-ejj 2
dje-ejj 2
cgc-ejj 1
dde-ejj 3
cac-ejj 2
dig-ejj 1
dga-ejj 1
bag-ejj 2
de-ejj 1
ecc-ejj 2
bge-ejj 2
cjg-ejj 3
je-ejj 3
eja-ejj 3
e-ejj 3
cha-ejj 2
dce-ejj 3
gi-ejj 3
bdi-ejj 2
eic-ejj 1
eda-ejj 1
dci-ejj 1
dac-ejj 3
dfi-ejj 2
dii-ejj 3
ddc-ejj 3
cge-ejj 3
ebi-ejj 1
cae-ejj 2
djc-ejj 2
eei-ejj 2
cde-ejj 2
ba-ejj 3
bjg-ejj 2
bba-ejj 3
efe-ejj 3
bdg-ejj 1
ece-ejj 2
jg-ejj 1
cci-ejj 2
dda-ejj 2
gg-ejj 2
dg-ejj 3
daa-ejj 2
eie-ejj 3
eci-ejj 1
ja-ejj 3
bga-ejj 1
ic-ejj 2
cjc-ejj 3
eee-ejj 1
cfi-ejj 1
eha-ejj 2
bfc-ejj 1
bcg-ejj 3
bci-ejj 1
dag-ejj 3
dji-ejj 1
a-ejj 2
edi-ejj 3
cgg-ejj 1
fg-ejj 1
efc-ejj 3
che-ejj 2
di-ejj 2
cei-ejj 3
caa-ejj 4
beg-ejj 2
ede-ejj 3
cfg-ejj 1
bai-ejj 2
ege-ejj 3
ecg-ejj 1
efa-ejj 1
bfa-ejj 3
ia-ejj 1
bdc-ejj 2
dbg-ejj 2
djg-ejj 3
dea-ejj 3
cig-ejj 1
hg-ejj 3
bia-ejj 2
eeg-ejj 3
fi-ejj 1
ci-ejj 3
cgi-ejj 3
bgc-ejj 1
egc-ejj 1
gc-ejj 2
dhi-ejj 2
dae-ejj 1
eia-ejj 3
dcc-ejj 1
jc-ejj 1
bee-ejj 3
bbe-ejj 1
edc-ejj 1
bja-ejj 1
bcc-ejj 1
efi-ejj 2
ga-ejj 2
eea-ejj 2
fc-ejj 3
bda-ejj 2
egg-ejj 2
ehe-ejj 3
bfg-ejj 2
dec-ejj 1
hi-ejj 3
cg-ejj 1
dgi-ejj 1
dhg-ejj 2
cfc-ejj 1
ig-ejj 2
cee-ejj 3
eai-ejj 3
eae-ejj 3
bie-ejj 3
ie-ejj 1
ebc-ejj 2
eji-ejj 2
egi-ejj 2
cic-ejj 3
ehc-ejj 1
bfe-ejj 2
ce-ejj 2
ddi-ejj 2
dee-ejj 2
cia-ejj 2
edg-ejj 1
cca-ejj 1
ceg-ejj 3
eag-ejj 3
